#Summary: Table of analog control registers
----
==Table of analog control registers==
|| *PIC* || *ANSEL*  || *ANSELH* || *ANSEL0* || *ANSEL1* || *ANSELA* || *ANSELB* || *ANSELC* || *ANSELD* || *ANSELE* || *ADCON*  || *ADCON0* || *ADCON1* || *ADCON2* || *ADCON3* || *CMCON*  || *CMCON1* || *CMCON2* ||
|| 10F200     ||- || - || - || - || - || - || - || - || - || - || - || - || - || - || - || - || - ||
|| 10F202     ||- || - || - || - || - || - || - || - || - || - || - || - || - || - || - || - || - ||
|| 10F204     ||- || - || - || - || - || - || - || - || - || - || - || - || - || - || - || - || - ||
|| 10F206     ||- || - || - || - || - || - || - || - || - || - || - || - || - || - || - || - || - ||
|| 10F220     ||- || - || - || - || - || - || - || - || - || - || ADCON0 || - || - || - || - || - || - ||
|| 10F222     ||- || - || - || - || - || - || - || - || - || - || ADCON0 || - || - || - || - || - || - ||
|| 12F508     ||- || - || - || - || - || - || - || - || - || - || - || - || - || - || - || - || - ||
|| 12F509     ||- || - || - || - || - || - || - || - || - || - || - || - || - || - || - || - || - ||
|| 12F510     ||- || - || - || - || - || - || - || - || - || - || ADCON0 || - || - || - || - || - || - ||
|| 12F519     ||- || - || - || - || - || - || - || - || - || - || - || - || - || - || - || - || - ||
|| 12F609     ||ANSEL || - || - || - || - || - || - || - || - || - || - || - || - || - || - || - || - ||
|| 12F615     ||ANSEL || - || - || - || - || - || - || - || - || - || ADCON0 || - || - || - || - || CMCON1 || - ||
|| 12F629     ||- || - || - || - || - || - || - || - || - || - || - || - || - || - || CMCON || - || - ||
|| 12F635     ||- || - || - || - || - || - || - || - || - || - || - || - || - || - || - || CMCON1 || - ||
|| 12F675     ||ANSEL || - || - || - || - || - || - || - || - || - || ADCON0 || - || - || - || CMCON || - || - ||
|| 12F683     ||ANSEL || - || - || - || - || - || - || - || - || - || ADCON0 || - || - || - || - || CMCON1 || - ||
|| 12HV609    ||ANSEL || - || - || - || - || - || - || - || - || - || - || - || - || - || - || - || - ||
|| 12HV615    ||ANSEL || - || - || - || - || - || - || - || - || - || ADCON0 || - || - || - || - || CMCON1 || - ||
|| 16F505     ||- || - || - || - || - || - || - || - || - || - || - || - || - || - || - || - || - ||
|| 16F506     ||- || - || - || - || - || - || - || - || - || - || ADCON0 || - || - || - || - || - || - ||
|| 16F526     ||- || - || - || - || - || - || - || - || - || - || ADCON0 || - || - || - || - || - || - ||
|| 16F54      ||- || - || - || - || - || - || - || - || - || - || - || - || - || - || - || - || - ||
|| 16F57      ||- || - || - || - || - || - || - || - || - || - || - || - || - || - || - || - || - ||
|| 16F59      ||- || - || - || - || - || - || - || - || - || - || - || - || - || - || - || - || - ||
|| 16F610     ||ANSEL || - || - || - || - || - || - || - || - || - || - || - || - || - || - || - || - ||
|| 16F616     ||ANSEL || - || - || - || - || - || - || - || - || - || ADCON0 || ADCON1 || - || - || - || - || - ||
|| 16F627     ||- || - || - || - || - || - || - || - || - || - || - || - || - || - || CMCON || - || - ||
|| 16F627A    ||- || - || - || - || - || - || - || - || - || - || - || - || - || - || CMCON || - || - ||
|| 16F628     ||- || - || - || - || - || - || - || - || - || - || - || - || - || - || CMCON || - || - ||
|| 16F628A    ||- || - || - || - || - || - || - || - || - || - || - || - || - || - || CMCON || - || - ||
|| 16F630     ||- || - || - || - || - || - || - || - || - || - || - || - || - || - || CMCON || - || - ||
|| 16F631     ||- || - || - || - || - || - || - || - || - || - || - || - || - || - || - || - || - ||
|| 16F636     ||- || - || - || - || - || - || - || - || - || - || - || - || - || - || - || CMCON1 || - ||
|| 16F639     ||- || - || - || - || - || - || - || - || - || - || - || - || - || - || - || CMCON1 || - ||
|| 16F648A    ||- || - || - || - || - || - || - || - || - || - || - || - || - || - || CMCON || - || - ||
|| 16F676     ||ANSEL || - || - || - || - || - || - || - || - || - || ADCON0 || ADCON1 || - || - || CMCON || - || - ||
|| 16F677     ||ANSEL || ANSELH || - || - || - || - || - || - || - || - || ADCON0 || ADCON1 || - || - || - || - || - ||
|| 16F684     ||ANSEL || - || - || - || - || - || - || - || - || - || ADCON0 || ADCON1 || - || - || - || CMCON1 || - ||
|| 16F685     ||ANSEL || ANSELH || - || - || - || - || - || - || - || - || ADCON0 || ADCON1 || - || - || - || - || - ||
|| 16F687     ||ANSEL || ANSELH || - || - || - || - || - || - || - || - || ADCON0 || ADCON1 || - || - || - || - || - ||
|| 16F688     ||ANSEL || - || - || - || - || - || - || - || - || - || ADCON0 || ADCON1 || - || - || - || CMCON1 || - ||
|| 16F689     ||ANSEL || ANSELH || - || - || - || - || - || - || - || - || ADCON0 || ADCON1 || - || - || - || - || - ||
|| 16F690     ||ANSEL || ANSELH || - || - || - || - || - || - || - || - || ADCON0 || ADCON1 || - || - || - || - || - ||
|| 16F716     ||- || - || - || - || - || - || - || - || - || - || ADCON0 || ADCON1 || - || - || - || - || - ||
|| 16F72      ||- || - || - || - || - || - || - || - || - || - || ADCON0 || ADCON1 || - || - || - || - || - ||
|| 16F722     ||- || - || - || - || ANSELA || ANSELB || - || - || - || - || ADCON0 || ADCON1 || - || - || - || - || - ||
|| 16F723     ||- || - || - || - || ANSELA || ANSELB || - || - || - || - || ADCON0 || ADCON1 || - || - || - || - || - ||
|| 16F724     ||- || - || - || - || ANSELA || ANSELB || - || ANSELD || ANSELE || - || ADCON0 || ADCON1 || - || - || - || - || - ||
|| 16F726     ||- || - || - || - || ANSELA || ANSELB || - || - || - || - || ADCON0 || ADCON1 || - || - || - || - || - ||
|| 16F727     ||- || - || - || - || ANSELA || ANSELB || - || ANSELD || ANSELE || - || ADCON0 || ADCON1 || - || - || - || - || - ||
|| 16F73      ||- || - || - || - || - || - || - || - || - || - || ADCON0 || ADCON1 || - || - || - || - || - ||
|| 16F737     ||- || - || - || - || - || - || - || - || - || - || ADCON0 || ADCON1 || ADCON2 || - || CMCON || - || - ||
|| 16F74      ||- || - || - || - || - || - || - || - || - || - || ADCON0 || ADCON1 || - || - || - || - || - ||
|| 16F747     ||- || - || - || - || - || - || - || - || - || - || ADCON0 || ADCON1 || ADCON2 || - || CMCON || - || - ||
|| 16F76      ||- || - || - || - || - || - || - || - || - || - || ADCON0 || ADCON1 || - || - || - || - || - ||
|| 16F767     ||- || - || - || - || - || - || - || - || - || - || ADCON0 || ADCON1 || ADCON2 || - || CMCON || - || - ||
|| 16F77      ||- || - || - || - || - || - || - || - || - || - || ADCON0 || ADCON1 || - || - || - || - || - ||
|| 16F777     ||- || - || - || - || - || - || - || - || - || - || ADCON0 || ADCON1 || ADCON2 || - || CMCON || - || - ||
|| 16F785     ||- || - || ANSEL0 || ANSEL1 || - || - || - || - || - || - || ADCON0 || ADCON1 || - || - || - || - || - ||
|| 16F818     ||- || - || - || - || - || - || - || - || - || - || ADCON0 || ADCON1 || - || - || - || - || - ||
|| 16F819     ||- || - || - || - || - || - || - || - || - || - || ADCON0 || ADCON1 || - || - || - || - || - ||
|| 16F83      ||- || - || - || - || - || - || - || - || - || - || - || - || - || - || - || - || - ||
|| 16F84      ||- || - || - || - || - || - || - || - || - || - || - || - || - || - || - || - || - ||
|| 16F84A     ||- || - || - || - || - || - || - || - || - || - || - || - || - || - || - || - || - ||
|| 16F87      ||- || - || - || - || - || - || - || - || - || - || - || - || - || - || CMCON || - || - ||
|| 16F870     ||- || - || - || - || - || - || - || - || - || - || ADCON0 || ADCON1 || - || - || - || - || - ||
|| 16F871     ||- || - || - || - || - || - || - || - || - || - || ADCON0 || ADCON1 || - || - || - || - || - ||
|| 16F872     ||- || - || - || - || - || - || - || - || - || - || ADCON0 || ADCON1 || - || - || - || - || - ||
|| 16F873     ||- || - || - || - || - || - || - || - || - || - || ADCON0 || ADCON1 || - || - || - || - || - ||
|| 16F873A    ||- || - || - || - || - || - || - || - || - || - || ADCON0 || ADCON1 || - || - || CMCON || - || - ||
|| 16F874     ||- || - || - || - || - || - || - || - || - || - || ADCON0 || ADCON1 || - || - || - || - || - ||
|| 16F874A    ||- || - || - || - || - || - || - || - || - || - || ADCON0 || ADCON1 || - || - || CMCON || - || - ||
|| 16F876     ||- || - || - || - || - || - || - || - || - || - || ADCON0 || ADCON1 || - || - || - || - || - ||
|| 16F876A    ||- || - || - || - || - || - || - || - || - || - || ADCON0 || ADCON1 || - || - || CMCON || - || - ||
|| 16F877     ||- || - || - || - || - || - || - || - || - || - || ADCON0 || ADCON1 || - || - || - || - || - ||
|| 16F877A    ||- || - || - || - || - || - || - || - || - || - || ADCON0 || ADCON1 || - || - || CMCON || - || - ||
|| 16F88      ||ANSEL || - || - || - || - || - || - || - || - || - || ADCON0 || ADCON1 || - || - || CMCON || - || - ||
|| 16F882     ||ANSEL || ANSELH || - || - || - || - || - || - || - || - || ADCON0 || ADCON1 || - || - || - || - || - ||
|| 16F883     ||ANSEL || ANSELH || - || - || - || - || - || - || - || - || ADCON0 || ADCON1 || - || - || - || - || - ||
|| 16F884     ||ANSEL || ANSELH || - || - || - || - || - || - || - || - || ADCON0 || ADCON1 || - || - || - || - || - ||
|| 16F886     ||ANSEL || ANSELH || - || - || - || - || - || - || - || - || ADCON0 || ADCON1 || - || - || - || - || - ||
|| 16F887     ||ANSEL || ANSELH || - || - || - || - || - || - || - || - || ADCON0 || ADCON1 || - || - || - || - || - ||
|| 16F913     ||ANSEL || - || - || - || - || - || - || - || - || - || ADCON0 || ADCON1 || - || - || - || CMCON1 || - ||
|| 16F914     ||ANSEL || - || - || - || - || - || - || - || - || - || ADCON0 || ADCON1 || - || - || - || CMCON1 || - ||
|| 16F916     ||ANSEL || - || - || - || - || - || - || - || - || - || ADCON0 || ADCON1 || - || - || - || CMCON1 || - ||
|| 16F917     ||ANSEL || - || - || - || - || - || - || - || - || - || ADCON0 || ADCON1 || - || - || - || CMCON1 || - ||
|| 16F946     ||ANSEL || - || - || - || - || - || - || - || - || - || ADCON0 || ADCON1 || - || - || - || CMCON1 || - ||
|| 16HV540    ||- || - || - || - || - || - || - || - || - || - || - || - || - || - || - || - || - ||
|| 16HV610    ||ANSEL || - || - || - || - || - || - || - || - || - || - || - || - || - || - || - || - ||
|| 16HV616    ||ANSEL || - || - || - || - || - || - || - || - || - || ADCON0 || ADCON1 || - || - || - || - || - ||
|| 16HV785    ||- || - || ANSEL0 || ANSEL1 || - || - || - || - || - || - || ADCON0 || ADCON1 || - || - || - || - || - ||
|| 16LF722    ||- || - || - || - || ANSELA || ANSELB || - || - || - || - || ADCON0 || ADCON1 || - || - || - || - || - ||
|| 16LF723    ||- || - || - || - || ANSELA || ANSELB || - || - || - || - || ADCON0 || ADCON1 || - || - || - || - || - ||
|| 16LF724    ||- || - || - || - || ANSELA || ANSELB || - || ANSELD || ANSELE || - || ADCON0 || ADCON1 || - || - || - || - || - ||
|| 16LF726    ||- || - || - || - || ANSELA || ANSELB || - || - || - || - || ADCON0 || ADCON1 || - || - || - || - || - ||
|| 16LF727    ||- || - || - || - || ANSELA || ANSELB || - || ANSELD || ANSELE || - || ADCON0 || ADCON1 || - || - || - || - || - ||
|| 18F1220    ||- || - || - || - || - || - || - || - || - || - || ADCON0 || ADCON1 || ADCON2 || - || - || - || - ||
|| 18F1230    ||- || - || - || - || - || - || - || - || - || - || ADCON0 || ADCON1 || ADCON2 || - || CMCON || - || - ||
|| 18F1320    ||- || - || - || - || - || - || - || - || - || - || ADCON0 || ADCON1 || ADCON2 || - || - || - || - ||
|| 18F1330    ||- || - || - || - || - || - || - || - || - || - || ADCON0 || ADCON1 || ADCON2 || - || CMCON || - || - ||
|| 18F13K20   ||ANSEL || ANSELH || - || - || - || - || - || - || - || - || ADCON0 || ADCON1 || ADCON2 || - || - || - || - ||
|| 18F13K22   ||ANSEL || ANSELH || - || - || - || - || - || - || - || - || ADCON0 || ADCON1 || ADCON2 || - || - || - || - ||
|| 18F13K50   ||ANSEL || ANSELH || - || - || - || - || - || - || - || - || ADCON0 || ADCON1 || ADCON2 || - || - || - || - ||
|| 18F14K20   ||ANSEL || ANSELH || - || - || - || - || - || - || - || - || ADCON0 || ADCON1 || ADCON2 || - || - || - || - ||
|| 18F14K22   ||ANSEL || ANSELH || - || - || - || - || - || - || - || - || ADCON0 || ADCON1 || ADCON2 || - || - || - || - ||
|| 18F14K50   ||ANSEL || ANSELH || - || - || - || - || - || - || - || - || ADCON0 || ADCON1 || ADCON2 || - || - || - || - ||
|| 18F2220    ||- || - || - || - || - || - || - || - || - || - || ADCON0 || ADCON1 || ADCON2 || - || CMCON || - || - ||
|| 18F2221    ||- || - || - || - || - || - || - || - || - || - || ADCON0 || ADCON1 || ADCON2 || - || CMCON || - || - ||
|| 18F2320    ||- || - || - || - || - || - || - || - || - || - || ADCON0 || ADCON1 || ADCON2 || - || CMCON || - || - ||
|| 18F2321    ||- || - || - || - || - || - || - || - || - || - || ADCON0 || ADCON1 || ADCON2 || - || CMCON || - || - ||
|| 18F2331    ||- || - || ANSEL0 || - || - || - || - || - || - || - || ADCON0 || ADCON1 || ADCON2 || ADCON3 || - || - || - ||
|| 18F2410    ||- || - || - || - || - || - || - || - || - || - || ADCON0 || ADCON1 || ADCON2 || - || CMCON || - || - ||
|| 18F242     ||- || - || - || - || - || - || - || - || - || - || ADCON0 || ADCON1 || - || - || - || - || - ||
|| 18F2420    ||- || - || - || - || - || - || - || - || - || - || ADCON0 || ADCON1 || ADCON2 || - || CMCON || - || - ||
|| 18F2423    ||- || - || - || - || - || - || - || - || - || - || ADCON0 || ADCON1 || ADCON2 || - || CMCON || - || - ||
|| 18F2431    ||- || - || ANSEL0 || - || - || - || - || - || - || - || ADCON0 || ADCON1 || ADCON2 || ADCON3 || - || - || - ||
|| 18F2439    ||- || - || - || - || - || - || - || - || - || - || ADCON0 || ADCON1 || - || - || - || - || - ||
|| 18F2450    ||- || - || - || - || - || - || - || - || - || - || ADCON0 || ADCON1 || ADCON2 || - || - || - || - ||
|| 18F2455    ||- || - || - || - || - || - || - || - || - || - || ADCON0 || ADCON1 || ADCON2 || - || CMCON || - || - ||
|| 18F2458    ||- || - || - || - || - || - || - || - || - || - || ADCON0 || ADCON1 || ADCON2 || - || CMCON || - || - ||
|| 18F248     ||- || - || - || - || - || - || - || - || - || - || ADCON0 || ADCON1 || - || - || - || - || - ||
|| 18F2480    ||- || - || - || - || - || - || - || - || - || - || ADCON0 || ADCON1 || ADCON2 || - || - || - || - ||
|| 18F24J10   ||- || - || - || - || - || - || - || - || - || - || ADCON0 || ADCON1 || ADCON2 || - || CMCON || - || - ||
|| 18F24J11   ||- || - || - || - || - || - || - || - || - || - || ADCON0 || ADCON1 || - || - || - || - || - ||
|| 18F24J50   ||- || - || - || - || - || - || - || - || - || - || ADCON0 || ADCON1 || - || - || - || - || - ||
|| 18F24K20   ||ANSEL || ANSELH || - || - || - || - || - || - || - || - || ADCON0 || ADCON1 || ADCON2 || - || - || - || - ||
|| 18F2510    ||- || - || - || - || - || - || - || - || - || - || ADCON0 || ADCON1 || ADCON2 || - || CMCON || - || - ||
|| 18F2515    ||- || - || - || - || - || - || - || - || - || - || ADCON0 || ADCON1 || ADCON2 || - || CMCON || - || - ||
|| 18F252     ||- || - || - || - || - || - || - || - || - || - || ADCON0 || ADCON1 || - || - || - || - || - ||
|| 18F2520    ||- || - || - || - || - || - || - || - || - || - || ADCON0 || ADCON1 || ADCON2 || - || CMCON || - || - ||
|| 18F2523    ||- || - || - || - || - || - || - || - || - || - || ADCON0 || ADCON1 || ADCON2 || - || CMCON || - || - ||
|| 18F2525    ||- || - || - || - || - || - || - || - || - || - || ADCON0 || ADCON1 || ADCON2 || - || CMCON || - || - ||
|| 18F2539    ||- || - || - || - || - || - || - || - || - || - || ADCON0 || ADCON1 || - || - || - || - || - ||
|| 18F2550    ||- || - || - || - || - || - || - || - || - || - || ADCON0 || ADCON1 || ADCON2 || - || CMCON || - || - ||
|| 18F2553    ||- || - || - || - || - || - || - || - || - || - || ADCON0 || ADCON1 || ADCON2 || - || CMCON || - || - ||
|| 18F258     ||- || - || - || - || - || - || - || - || - || - || ADCON0 || ADCON1 || - || - || - || - || - ||
|| 18F2580    ||- || - || - || - || - || - || - || - || - || - || ADCON0 || ADCON1 || ADCON2 || - || - || - || - ||
|| 18F2585    ||- || - || - || - || - || - || - || - || - || - || ADCON0 || ADCON1 || ADCON2 || - || - || - || - ||
|| 18F25J10   ||- || - || - || - || - || - || - || - || - || - || ADCON0 || ADCON1 || ADCON2 || - || CMCON || - || - ||
|| 18F25J11   ||- || - || - || - || - || - || - || - || - || - || ADCON0 || ADCON1 || - || - || - || - || - ||
|| 18F25J50   ||- || - || - || - || - || - || - || - || - || - || ADCON0 || ADCON1 || - || - || - || - || - ||
|| 18F25K20   ||ANSEL || ANSELH || - || - || - || - || - || - || - || - || ADCON0 || ADCON1 || ADCON2 || - || - || - || - ||
|| 18F2610    ||- || - || - || - || - || - || - || - || - || - || ADCON0 || ADCON1 || ADCON2 || - || CMCON || - || - ||
|| 18F2620    ||- || - || - || - || - || - || - || - || - || - || ADCON0 || ADCON1 || ADCON2 || - || CMCON || - || - ||
|| 18F2680    ||- || - || - || - || - || - || - || - || - || - || ADCON0 || ADCON1 || ADCON2 || - || - || - || - ||
|| 18F2682    ||- || - || - || - || - || - || - || - || - || - || ADCON0 || ADCON1 || ADCON2 || - || - || - || - ||
|| 18F2685    ||- || - || - || - || - || - || - || - || - || - || ADCON0 || ADCON1 || ADCON2 || - || - || - || - ||
|| 18F26J11   ||- || - || - || - || - || - || - || - || - || - || ADCON0 || ADCON1 || - || - || - || - || - ||
|| 18F26J50   ||- || - || - || - || - || - || - || - || - || - || ADCON0 || ADCON1 || - || - || - || - || - ||
|| 18F26K20   ||ANSEL || ANSELH || - || - || - || - || - || - || - || - || ADCON0 || ADCON1 || ADCON2 || - || - || - || - ||
|| 18F4220    ||- || - || - || - || - || - || - || - || - || - || ADCON0 || ADCON1 || ADCON2 || - || CMCON || - || - ||
|| 18F4221    ||- || - || - || - || - || - || - || - || - || - || ADCON0 || ADCON1 || ADCON2 || - || CMCON || - || - ||
|| 18F4320    ||- || - || - || - || - || - || - || - || - || - || ADCON0 || ADCON1 || ADCON2 || - || CMCON || - || - ||
|| 18F4321    ||- || - || - || - || - || - || - || - || - || - || ADCON0 || ADCON1 || ADCON2 || - || CMCON || - || - ||
|| 18F4331    ||- || - || ANSEL0 || ANSEL1 || - || - || - || - || - || - || ADCON0 || ADCON1 || ADCON2 || ADCON3 || - || - || - ||
|| 18F4410    ||- || - || - || - || - || - || - || - || - || - || ADCON0 || ADCON1 || ADCON2 || - || CMCON || - || - ||
|| 18F442     ||- || - || - || - || - || - || - || - || - || - || ADCON0 || ADCON1 || - || - || - || - || - ||
|| 18F4420    ||- || - || - || - || - || - || - || - || - || - || ADCON0 || ADCON1 || ADCON2 || - || CMCON || - || - ||
|| 18F4423    ||- || - || - || - || - || - || - || - || - || - || ADCON0 || ADCON1 || ADCON2 || - || CMCON || - || - ||
|| 18F4431    ||- || - || ANSEL0 || ANSEL1 || - || - || - || - || - || - || ADCON0 || ADCON1 || ADCON2 || ADCON3 || - || - || - ||
|| 18F4439    ||- || - || - || - || - || - || - || - || - || - || ADCON0 || ADCON1 || - || - || - || - || - ||
|| 18F4450    ||- || - || - || - || - || - || - || - || - || - || ADCON0 || ADCON1 || ADCON2 || - || - || - || - ||
|| 18F4455    ||- || - || - || - || - || - || - || - || - || - || ADCON0 || ADCON1 || ADCON2 || - || CMCON || - || - ||
|| 18F4458    ||- || - || - || - || - || - || - || - || - || - || ADCON0 || ADCON1 || ADCON2 || - || CMCON || - || - ||
|| 18F448     ||- || - || - || - || - || - || - || - || - || - || ADCON0 || ADCON1 || - || - || CMCON || - || - ||
|| 18F4480    ||- || - || - || - || - || - || - || - || - || - || ADCON0 || ADCON1 || ADCON2 || - || CMCON || - || - ||
|| 18F44J10   ||- || - || - || - || - || - || - || - || - || - || ADCON0 || ADCON1 || ADCON2 || - || CMCON || - || - ||
|| 18F44J11   ||- || - || - || - || - || - || - || - || - || - || ADCON0 || ADCON1 || - || - || - || - || - ||
|| 18F44J50   ||- || - || - || - || - || - || - || - || - || - || ADCON0 || ADCON1 || - || - || - || - || - ||
|| 18F44K20   ||ANSEL || ANSELH || - || - || - || - || - || - || - || - || ADCON0 || ADCON1 || ADCON2 || - || - || - || - ||
|| 18F4510    ||- || - || - || - || - || - || - || - || - || - || ADCON0 || ADCON1 || ADCON2 || - || CMCON || - || - ||
|| 18F4515    ||- || - || - || - || - || - || - || - || - || - || ADCON0 || ADCON1 || ADCON2 || - || CMCON || - || - ||
|| 18F452     ||- || - || - || - || - || - || - || - || - || - || ADCON0 || ADCON1 || - || - || - || - || - ||
|| 18F4520    ||- || - || - || - || - || - || - || - || - || - || ADCON0 || ADCON1 || ADCON2 || - || CMCON || - || - ||
|| 18F4523    ||- || - || - || - || - || - || - || - || - || - || ADCON0 || ADCON1 || ADCON2 || - || CMCON || - || - ||
|| 18F4525    ||- || - || - || - || - || - || - || - || - || - || ADCON0 || ADCON1 || ADCON2 || - || CMCON || - || - ||
|| 18F4539    ||- || - || - || - || - || - || - || - || - || - || ADCON0 || ADCON1 || - || - || - || - || - ||
|| 18F4550    ||- || - || - || - || - || - || - || - || - || - || ADCON0 || ADCON1 || ADCON2 || - || CMCON || - || - ||
|| 18F4553    ||- || - || - || - || - || - || - || - || - || - || ADCON0 || ADCON1 || ADCON2 || - || CMCON || - || - ||
|| 18F458     ||- || - || - || - || - || - || - || - || - || - || ADCON0 || ADCON1 || - || - || CMCON || - || - ||
|| 18F4580    ||- || - || - || - || - || - || - || - || - || - || ADCON0 || ADCON1 || ADCON2 || - || CMCON || - || - ||
|| 18F4585    ||- || - || - || - || - || - || - || - || - || - || ADCON0 || ADCON1 || ADCON2 || - || CMCON || - || - ||
|| 18F45J10   ||- || - || - || - || - || - || - || - || - || - || ADCON0 || ADCON1 || ADCON2 || - || CMCON || - || - ||
|| 18F45J11   ||- || - || - || - || - || - || - || - || - || - || ADCON0 || ADCON1 || - || - || - || - || - ||
|| 18F45J50   ||- || - || - || - || - || - || - || - || - || - || ADCON0 || ADCON1 || - || - || - || - || - ||
|| 18F45K20   ||ANSEL || ANSELH || - || - || - || - || - || - || - || - || ADCON0 || ADCON1 || ADCON2 || - || - || - || - ||
|| 18F4610    ||- || - || - || - || - || - || - || - || - || - || ADCON0 || ADCON1 || ADCON2 || - || CMCON || - || - ||
|| 18F4620    ||- || - || - || - || - || - || - || - || - || - || ADCON0 || ADCON1 || ADCON2 || - || CMCON || - || - ||
|| 18F4680    ||- || - || - || - || - || - || - || - || - || - || ADCON0 || ADCON1 || ADCON2 || - || CMCON || - || - ||
|| 18F4682    ||- || - || - || - || - || - || - || - || - || - || ADCON0 || ADCON1 || ADCON2 || - || CMCON || - || - ||
|| 18F4685    ||- || - || - || - || - || - || - || - || - || - || ADCON0 || ADCON1 || ADCON2 || - || CMCON || - || - ||
|| 18F46J11   ||- || - || - || - || - || - || - || - || - || - || ADCON0 || ADCON1 || - || - || - || - || - ||
|| 18F46J50   ||- || - || - || - || - || - || - || - || - || - || ADCON0 || ADCON1 || - || - || - || - || - ||
|| 18F46K20   ||ANSEL || ANSELH || - || - || - || - || - || - || - || - || ADCON0 || ADCON1 || ADCON2 || - || - || - || - ||
|| 18F6310    ||- || - || - || - || - || - || - || - || - || - || ADCON0 || ADCON1 || ADCON2 || - || CMCON || - || - ||
|| 18F6390    ||- || - || - || - || - || - || - || - || - || - || ADCON0 || ADCON1 || ADCON2 || - || CMCON || - || - ||
|| 18F6393    ||- || - || - || - || - || - || - || - || - || - || ADCON0 || ADCON1 || ADCON2 || - || CMCON || - || - ||
|| 18F63J11   ||- || - || - || - || - || - || - || - || - || - || ADCON0 || ADCON1 || ADCON2 || - || CMCON || - || - ||
|| 18F63J90   ||- || - || - || - || - || - || - || - || - || - || ADCON0 || ADCON1 || ADCON2 || - || CMCON || - || - ||
|| 18F6410    ||- || - || - || - || - || - || - || - || - || - || ADCON0 || ADCON1 || ADCON2 || - || CMCON || - || - ||
|| 18F6490    ||- || - || - || - || - || - || - || - || - || - || ADCON0 || ADCON1 || ADCON2 || - || CMCON || - || - ||
|| 18F6493    ||- || - || - || - || - || - || - || - || - || - || ADCON0 || ADCON1 || ADCON2 || - || CMCON || - || - ||
|| 18F64J11   ||- || - || - || - || - || - || - || - || - || - || ADCON0 || ADCON1 || ADCON2 || - || CMCON || - || - ||
|| 18F64J90   ||- || - || - || - || - || - || - || - || - || - || ADCON0 || ADCON1 || ADCON2 || - || CMCON || - || - ||
|| 18F6520    ||- || - || - || - || - || - || - || - || - || - || ADCON0 || ADCON1 || ADCON2 || - || CMCON || - || - ||
|| 18F6525    ||- || - || - || - || - || - || - || - || - || - || ADCON0 || ADCON1 || ADCON2 || - || CMCON || - || - ||
|| 18F6527    ||- || - || - || - || - || - || - || - || - || - || ADCON0 || ADCON1 || ADCON2 || - || CMCON || - || - ||
|| 18F6585    ||- || - || - || - || - || - || - || - || - || - || ADCON0 || ADCON1 || ADCON2 || - || CMCON || - || - ||
|| 18F65J10   ||- || - || - || - || - || - || - || - || - || - || ADCON0 || ADCON1 || ADCON2 || - || CMCON || - || - ||
|| 18F65J11   ||- || - || - || - || - || - || - || - || - || - || ADCON0 || ADCON1 || ADCON2 || - || CMCON || - || - ||
|| 18F65J15   ||- || - || - || - || - || - || - || - || - || - || ADCON0 || ADCON1 || ADCON2 || - || CMCON || - || - ||
|| 18F65J50   ||- || - || - || - || - || - || - || - || - || - || ADCON0 || ADCON1 || - || - || - || - || - ||
|| 18F65J90   ||- || - || - || - || - || - || - || - || - || - || ADCON0 || ADCON1 || ADCON2 || - || CMCON || - || - ||
|| 18F6620    ||- || - || - || - || - || - || - || - || - || - || ADCON0 || ADCON1 || ADCON2 || - || CMCON || - || - ||
|| 18F6621    ||- || - || - || - || - || - || - || - || - || - || ADCON0 || ADCON1 || ADCON2 || - || CMCON || - || - ||
|| 18F6622    ||- || - || - || - || - || - || - || - || - || - || ADCON0 || ADCON1 || ADCON2 || - || CMCON || - || - ||
|| 18F6627    ||- || - || - || - || - || - || - || - || - || - || ADCON0 || ADCON1 || ADCON2 || - || CMCON || - || - ||
|| 18F6628    ||- || - || - || - || - || - || - || - || - || - || ADCON0 || ADCON1 || ADCON2 || - || CMCON || - || - ||
|| 18F6680    ||- || - || - || - || - || - || - || - || - || - || ADCON0 || ADCON1 || ADCON2 || - || CMCON || - || - ||
|| 18F66J10   ||- || - || - || - || - || - || - || - || - || - || ADCON0 || ADCON1 || ADCON2 || - || CMCON || - || - ||
|| 18F66J11   ||- || - || - || - || - || - || - || - || - || - || ADCON0 || ADCON1 || - || - || - || - || - ||
|| 18F66J15   ||- || - || - || - || - || - || - || - || - || - || ADCON0 || ADCON1 || ADCON2 || - || CMCON || - || - ||
|| 18F66J16   ||- || - || - || - || - || - || - || - || - || - || ADCON0 || ADCON1 || - || - || - || - || - ||
|| 18F66J50   ||- || - || - || - || - || - || - || - || - || - || ADCON0 || ADCON1 || - || - || - || - || - ||
|| 18F66J55   ||- || - || - || - || - || - || - || - || - || - || ADCON0 || ADCON1 || - || - || - || - || - ||
|| 18F66J60   ||- || - || - || - || - || - || - || - || - || - || ADCON0 || ADCON1 || ADCON2 || - || CMCON || - || - ||
|| 18F66J65   ||- || - || - || - || - || - || - || - || - || - || ADCON0 || ADCON1 || ADCON2 || - || CMCON || - || - ||
|| 18F66J90   ||- || - || - || - || - || - || - || - || - || - || ADCON0 || ADCON1 || ADCON2 || - || CMCON || - || - ||
|| 18F66J93   ||- || - || - || - || - || - || - || - || - || - || - || - || - || - || - || - || - ||
|| 18F6720    ||- || - || - || - || - || - || - || - || - || - || ADCON0 || ADCON1 || ADCON2 || - || CMCON || - || - ||
|| 18F6722    ||- || - || - || - || - || - || - || - || - || - || ADCON0 || ADCON1 || ADCON2 || - || CMCON || - || - ||
|| 18F6723    ||- || - || - || - || - || - || - || - || - || - || ADCON0 || ADCON1 || ADCON2 || - || CMCON || - || - ||
|| 18F67J10   ||- || - || - || - || - || - || - || - || - || - || ADCON0 || ADCON1 || ADCON2 || - || CMCON || - || - ||
|| 18F67J11   ||- || - || - || - || - || - || - || - || - || - || ADCON0 || ADCON1 || - || - || - || - || - ||
|| 18F67J50   ||- || - || - || - || - || - || - || - || - || - || ADCON0 || ADCON1 || - || - || - || - || - ||
|| 18F67J60   ||- || - || - || - || - || - || - || - || - || - || ADCON0 || ADCON1 || ADCON2 || - || CMCON || - || - ||
|| 18F67J90   ||- || - || - || - || - || - || - || - || - || - || ADCON0 || ADCON1 || ADCON2 || - || CMCON || - || - ||
|| 18F67J93   ||- || - || - || - || - || - || - || - || - || - || - || - || - || - || - || - || - ||
|| 18F8310    ||- || - || - || - || - || - || - || - || - || - || ADCON0 || ADCON1 || ADCON2 || - || CMCON || - || - ||
|| 18F8390    ||- || - || - || - || - || - || - || - || - || - || ADCON0 || ADCON1 || ADCON2 || - || CMCON || - || - ||
|| 18F8393    ||- || - || - || - || - || - || - || - || - || - || ADCON0 || ADCON1 || ADCON2 || - || CMCON || - || - ||
|| 18F83J11   ||- || - || - || - || - || - || - || - || - || - || ADCON0 || ADCON1 || ADCON2 || - || CMCON || - || - ||
|| 18F83J90   ||- || - || - || - || - || - || - || - || - || - || ADCON0 || ADCON1 || ADCON2 || - || CMCON || - || - ||
|| 18F8410    ||- || - || - || - || - || - || - || - || - || - || ADCON0 || ADCON1 || ADCON2 || - || CMCON || - || - ||
|| 18F8490    ||- || - || - || - || - || - || - || - || - || - || ADCON0 || ADCON1 || ADCON2 || - || CMCON || - || - ||
|| 18F8493    ||- || - || - || - || - || - || - || - || - || - || ADCON0 || ADCON1 || ADCON2 || - || CMCON || - || - ||
|| 18F84J11   ||- || - || - || - || - || - || - || - || - || - || ADCON0 || ADCON1 || ADCON2 || - || CMCON || - || - ||
|| 18F84J90   ||- || - || - || - || - || - || - || - || - || - || ADCON0 || ADCON1 || ADCON2 || - || CMCON || - || - ||
|| 18F8520    ||- || - || - || - || - || - || - || - || - || - || ADCON0 || ADCON1 || ADCON2 || - || CMCON || - || - ||
|| 18F8525    ||- || - || - || - || - || - || - || - || - || - || ADCON0 || ADCON1 || ADCON2 || - || CMCON || - || - ||
|| 18F8527    ||- || - || - || - || - || - || - || - || - || - || ADCON0 || ADCON1 || ADCON2 || - || CMCON || - || - ||
|| 18F8585    ||- || - || - || - || - || - || - || - || - || - || ADCON0 || ADCON1 || ADCON2 || - || CMCON || - || - ||
|| 18F85J10   ||- || - || - || - || - || - || - || - || - || - || ADCON0 || ADCON1 || ADCON2 || - || CMCON || - || - ||
|| 18F85J11   ||- || - || - || - || - || - || - || - || - || - || ADCON0 || ADCON1 || ADCON2 || - || CMCON || - || - ||
|| 18F85J15   ||- || - || - || - || - || - || - || - || - || - || ADCON0 || ADCON1 || ADCON2 || - || CMCON || - || - ||
|| 18F85J50   ||- || - || - || - || - || - || - || - || - || - || ADCON0 || ADCON1 || - || - || - || - || - ||
|| 18F85J90   ||- || - || - || - || - || - || - || - || - || - || ADCON0 || ADCON1 || ADCON2 || - || CMCON || - || - ||
|| 18F8620    ||- || - || - || - || - || - || - || - || - || - || ADCON0 || ADCON1 || ADCON2 || - || CMCON || - || - ||
|| 18F8621    ||- || - || - || - || - || - || - || - || - || - || ADCON0 || ADCON1 || ADCON2 || - || CMCON || - || - ||
|| 18F8622    ||- || - || - || - || - || - || - || - || - || - || ADCON0 || ADCON1 || ADCON2 || - || CMCON || - || - ||
|| 18F8627    ||- || - || - || - || - || - || - || - || - || - || ADCON0 || ADCON1 || ADCON2 || - || CMCON || - || - ||
|| 18F8628    ||- || - || - || - || - || - || - || - || - || - || ADCON0 || ADCON1 || ADCON2 || - || CMCON || - || - ||
|| 18F8680    ||- || - || - || - || - || - || - || - || - || - || ADCON0 || ADCON1 || ADCON2 || - || CMCON || - || - ||
|| 18F86J10   ||- || - || - || - || - || - || - || - || - || - || ADCON0 || ADCON1 || ADCON2 || - || CMCON || - || - ||
|| 18F86J11   ||- || - || - || - || - || - || - || - || - || - || ADCON0 || ADCON1 || - || - || - || - || - ||
|| 18F86J15   ||- || - || - || - || - || - || - || - || - || - || ADCON0 || ADCON1 || ADCON2 || - || CMCON || - || - ||
|| 18F86J16   ||- || - || - || - || - || - || - || - || - || - || ADCON0 || ADCON1 || - || - || - || - || - ||
|| 18F86J50   ||- || - || - || - || - || - || - || - || - || - || ADCON0 || ADCON1 || - || - || - || - || - ||
|| 18F86J55   ||- || - || - || - || - || - || - || - || - || - || ADCON0 || ADCON1 || - || - || - || - || - ||
|| 18F86J60   ||- || - || - || - || - || - || - || - || - || - || ADCON0 || ADCON1 || ADCON2 || - || CMCON || - || - ||
|| 18F86J65   ||- || - || - || - || - || - || - || - || - || - || ADCON0 || ADCON1 || ADCON2 || - || CMCON || - || - ||
|| 18F86J90   ||- || - || - || - || - || - || - || - || - || - || ADCON0 || ADCON1 || ADCON2 || - || CMCON || - || - ||
|| 18F86J93   ||- || - || - || - || - || - || - || - || - || - || - || - || - || - || - || - || - ||
|| 18F8720    ||- || - || - || - || - || - || - || - || - || - || ADCON0 || ADCON1 || ADCON2 || - || CMCON || - || - ||
|| 18F8722    ||- || - || - || - || - || - || - || - || - || - || ADCON0 || ADCON1 || ADCON2 || - || CMCON || - || - ||
|| 18F8723    ||- || - || - || - || - || - || - || - || - || - || ADCON0 || ADCON1 || ADCON2 || - || CMCON || - || - ||
|| 18F87J10   ||- || - || - || - || - || - || - || - || - || - || ADCON0 || ADCON1 || ADCON2 || - || CMCON || - || - ||
|| 18F87J11   ||- || - || - || - || - || - || - || - || - || - || ADCON0 || ADCON1 || - || - || - || - || - ||
|| 18F87J50   ||- || - || - || - || - || - || - || - || - || - || ADCON0 || ADCON1 || - || - || - || - || - ||
|| 18F87J60   ||- || - || - || - || - || - || - || - || - || - || ADCON0 || ADCON1 || ADCON2 || - || CMCON || - || - ||
|| 18F87J90   ||- || - || - || - || - || - || - || - || - || - || ADCON0 || ADCON1 || ADCON2 || - || CMCON || - || - ||
|| 18F87J93   ||- || - || - || - || - || - || - || - || - || - || - || - || - || - || - || - || - ||
|| 18F96J60   ||- || - || - || - || - || - || - || - || - || - || ADCON0 || ADCON1 || ADCON2 || - || CMCON || - || - ||
|| 18F96J65   ||- || - || - || - || - || - || - || - || - || - || ADCON0 || ADCON1 || ADCON2 || - || CMCON || - || - ||
|| 18F97J60   ||- || - || - || - || - || - || - || - || - || - || ADCON0 || ADCON1 || ADCON2 || - || CMCON || - || - ||
|| 18LF13K50  ||ANSEL || ANSELH || - || - || - || - || - || - || - || - || ADCON0 || ADCON1 || ADCON2 || - || - || - || - ||
|| 18LF14K50  ||ANSEL || ANSELH || - || - || - || - || - || - || - || - || ADCON0 || ADCON1 || ADCON2 || - || - || - || - ||
|| 18LF24J10  ||- || - || - || - || - || - || - || - || - || - || ADCON0 || ADCON1 || ADCON2 || - || CMCON || - || - ||
|| 18LF24J11  ||- || - || - || - || - || - || - || - || - || - || ADCON0 || ADCON1 || - || - || - || - || - ||
|| 18LF24J50  ||- || - || - || - || - || - || - || - || - || - || ADCON0 || ADCON1 || - || - || - || - || - ||
|| 18LF25J10  ||- || - || - || - || - || - || - || - || - || - || ADCON0 || ADCON1 || ADCON2 || - || CMCON || - || - ||
|| 18LF25J11  ||- || - || - || - || - || - || - || - || - || - || ADCON0 || ADCON1 || - || - || - || - || - ||
|| 18LF25J50  ||- || - || - || - || - || - || - || - || - || - || ADCON0 || ADCON1 || - || - || - || - || - ||
|| 18LF26J11  ||- || - || - || - || - || - || - || - || - || - || ADCON0 || ADCON1 || - || - || - || - || - ||
|| 18LF26J50  ||- || - || - || - || - || - || - || - || - || - || ADCON0 || ADCON1 || - || - || - || - || - ||
|| 18LF44J10  ||- || - || - || - || - || - || - || - || - || - || ADCON0 || ADCON1 || ADCON2 || - || CMCON || - || - ||
|| 18LF44J11  ||- || - || - || - || - || - || - || - || - || - || ADCON0 || ADCON1 || - || - || - || - || - ||
|| 18LF44J50  ||- || - || - || - || - || - || - || - || - || - || ADCON0 || ADCON1 || - || - || - || - || - ||
|| 18LF45J10  ||- || - || - || - || - || - || - || - || - || - || ADCON0 || ADCON1 || ADCON2 || - || CMCON || - || - ||
|| 18LF45J11  ||- || - || - || - || - || - || - || - || - || - || ADCON0 || ADCON1 || - || - || - || - || - ||
|| 18LF45J50  ||- || - || - || - || - || - || - || - || - || - || ADCON0 || ADCON1 || - || - || - || - || - ||
|| 18LF46J11  ||- || - || - || - || - || - || - || - || - || - || ADCON0 || ADCON1 || - || - || - || - || - ||
|| 18LF46J50  ||- || - || - || - || - || - || - || - || - || - || ADCON0 || ADCON1 || - || - || - || - || - ||
----
==List of registers containing ANSEL, ADCON or CMCON==
ADCON3
ANSEL
ANSEL1
CMCON
CMCON1
ADCON2
ANSEL0
ANSELE
ANSELD
ADCON1
CMCON0
ADCON0
ANSELB
ANSELA
ANSELH
