MPLABX version: 6.30
Base for all output: /mnt/data/picdevices.6.30
MPLABX installation location: /opt/microchip/mplabx
Local GitHub location: /mnt/data/GitHub/jallib
JAL compiler: /mnt/a1156b13-f869-473b-a48f-9e6cf5cd6673/picscripts/jalv2-x86-64
Local kdiff3 installation: /usr/bin/kdiff3
Comparing 2 collections of include files:
   /mnt/data/picdevices.6.30/device <--> /mnt/data/GitHub/jallib/include/device
   Comparing 972 device files in /mnt/data/picdevices.6.30/device
10f200
10f202
10f204
10f206
10f220
10f222
10f320
10f322
10lf320
10lf322
12f1501
12f1571
   new: pragma fuse_def DEBUG:1  0x1000 {        -- In-Circuit Debugger Mode
   old: pragma fuse_def LVP:1  0x2000 {          -- Low-Voltage Programming Enable
12f1572
   new: pragma fuse_def DEBUG:1  0x1000 {        -- In-Circuit Debugger Mode
   old: pragma fuse_def LVP:1  0x2000 {          -- Low-Voltage Programming Enable
12f1612
   new: pragma fuse_def DEBUG:1  0x1000 {        -- In-Circuit Debugger Mode
   old: pragma fuse_def LVP:1  0x2000 {          -- Low-Voltage Programming Enable
12f1822
   new: pragma fuse_def DEBUG:1  0x1000 {        -- In-Circuit Debugger Mode
   old: pragma fuse_def LVP:1  0x2000 {          -- Low-Voltage Programming Enable
12f1840
   new: pragma fuse_def DEBUG:1  0x1000 {        -- In-Circuit Debugger Mode
   old: pragma fuse_def LVP:1  0x2000 {          -- Low-Voltage Programming Enable
12f508
12f509
12f510
12f519
12f609
12f615
12f617
12f629
12f635
12f675
12f683
12f752
12hv609
12hv615
12hv752
12lf1501
12lf1552
12lf1571
   new: pragma fuse_def DEBUG:1  0x1000 {        -- In-Circuit Debugger Mode
   old: pragma fuse_def LVP:1  0x2000 {          -- Low-Voltage Programming Enable
12lf1572
   new: pragma fuse_def DEBUG:1  0x1000 {        -- In-Circuit Debugger Mode
   old: pragma fuse_def LVP:1  0x2000 {          -- Low-Voltage Programming Enable
12lf1612
   new: pragma fuse_def DEBUG:1  0x1000 {        -- In-Circuit Debugger Mode
   old: pragma fuse_def LVP:1  0x2000 {          -- Low-Voltage Programming Enable
12lf1822
   new: pragma fuse_def DEBUG:1  0x1000 {        -- In-Circuit Debugger Mode
   old: pragma fuse_def LVP:1  0x2000 {          -- Low-Voltage Programming Enable
12lf1840
   new: pragma fuse_def DEBUG:1  0x1000 {        -- In-Circuit Debugger Mode
   old: pragma fuse_def LVP:1  0x2000 {          -- Low-Voltage Programming Enable
12lf1840t39a
12lf1840t48a
16f13113
   new: pragma fuse_def DEBUG:1  0x2000 {        -- Background Debugger
   old: --
16f13114
   new: pragma fuse_def DEBUG:1  0x2000 {        -- Background Debugger
   old: --
16f13115
   new: pragma fuse_def DEBUG:1  0x2000 {        -- Background Debugger
   old: --
16f13123
   new: pragma fuse_def DEBUG:1  0x2000 {        -- Background Debugger
   old: --
16f13124
   new: pragma fuse_def DEBUG:1  0x2000 {        -- Background Debugger
   old: --
16f13125
   new: pragma fuse_def DEBUG:1  0x2000 {        -- Background Debugger
   old: --
16f13143
   new: pragma fuse_def DEBUG:1  0x2000 {        -- Background Debugger
   old: --
16f13144
   new: pragma fuse_def DEBUG:1  0x2000 {        -- Background Debugger
   old: --
16f13145
   new: pragma fuse_def DEBUG:1  0x2000 {        -- Background Debugger
   old: --
16f1454
16f1455
16f1459
16f1503
16f1507
16f1508
16f1509
16f1512
16f1513
16f1516
16f1517
16f1518
16f1519
16f15213
16f15214
16f15223
16f15224
16f15225
16f15243
16f15244
16f15245
16f15254
16f15255
16f15256
16f1526
   new: pragma fuse_def DEBUG:1  0x1000 {        -- In-Circuit Debugger Mode
   old: pragma fuse_def LVP:1  0x2000 {          -- Low-Voltage Programming Enable
16f1527
   new: pragma fuse_def DEBUG:1  0x1000 {        -- In-Circuit Debugger Mode
   old: pragma fuse_def LVP:1  0x2000 {          -- Low-Voltage Programming Enable
16f15274
16f15275
16f15276
16f15313
16f15323
16f15324
16f15325
16f15344
16f15345
16f15354
16f15355
16f15356
16f15375
16f15376
16f15385
16f15386
16f1574
   new: alias               pin_VREF_POS_direction    is pin_A1_direction
   old: alias               pin_VREF_POS_DAC_direction is pin_A1_direction
16f1575
   new: alias               pin_VREF_POS_direction    is pin_A1_direction
   old: alias               pin_VREF_POS_DAC_direction is pin_A1_direction
16f1578
   new: alias               pin_VREF_POS_direction    is pin_A1_direction
   old: alias               pin_VREF_POS_ADC_direction is pin_A1_direction
16f1579
   new: alias               pin_VREF_POS_direction    is pin_A1_direction
   old: alias               pin_VREF_POS_ADC_direction is pin_A1_direction
16f1613
   new: pragma fuse_def DEBUG:1  0x1000 {        -- In-Circuit Debugger Mode
   old: pragma fuse_def LVP:1  0x2000 {          -- Low-Voltage Programming Enable
16f1614
   new: pragma fuse_def DEBUG:1  0x1000 {        -- In-Circuit Debugger Mode
   old: pragma fuse_def LVP:1  0x2000 {          -- Low-Voltage Programming Enable
16f1615
   new: pragma fuse_def DEBUG:1  0x1000 {        -- In-Circuit Debugger Mode
   old: pragma fuse_def LVP:1  0x2000 {          -- Low-Voltage Programming Enable
16f1618
   new: pragma fuse_def DEBUG:1  0x1000 {        -- In-Circuit Debugger Mode
   old: pragma fuse_def LVP:1  0x2000 {          -- Low-Voltage Programming Enable
16f1619
   new: pragma fuse_def DEBUG:1  0x1000 {        -- In-Circuit Debugger Mode
   old: pragma fuse_def LVP:1  0x2000 {          -- Low-Voltage Programming Enable
16f1703
   new: pragma fuse_def DEBUG:1  0x1000 {        -- In-Circuit Debugger Mode
   old: pragma fuse_def LVP:1  0x2000 {          -- Low-Voltage Programming Enable
16f1704
   new: pragma fuse_def DEBUG:1  0x1000 {        -- In-Circuit Debugger Mode
   old: pragma fuse_def LVP:1  0x2000 {          -- Low-Voltage Programming Enable
16f1705
   new: pragma fuse_def DEBUG:1  0x1000 {        -- In-Circuit Debugger Mode
   old: pragma fuse_def LVP:1  0x2000 {          -- Low-Voltage Programming Enable
16f1707
   new: pragma fuse_def DEBUG:1  0x1000 {        -- In-Circuit Debugger Mode
   old: pragma fuse_def LVP:1  0x2000 {          -- Low-Voltage Programming Enable
16f1708
   new: pragma fuse_def DEBUG:1  0x1000 {        -- In-Circuit Debugger Mode
   old: pragma fuse_def LVP:1  0x2000 {          -- Low-Voltage Programming Enable
16f1709
   new: pragma fuse_def DEBUG:1  0x1000 {        -- In-Circuit Debugger Mode
   old: pragma fuse_def LVP:1  0x2000 {          -- Low-Voltage Programming Enable
16f17114
   new: pragma fuse_def DEBUG:1  0x2000 {        -- Background Debugger
   old: --
16f17115
   new: pragma fuse_def DEBUG:1  0x2000 {        -- Background Debugger
   old: --
16f17124
   new: pragma fuse_def DEBUG:1  0x2000 {        -- Background Debugger
   old: --
16f17125
   new: pragma fuse_def DEBUG:1  0x2000 {        -- Background Debugger
   old: --
16f17126
   new: pragma fuse_def DEBUG:1  0x2000 {        -- Background Debugger
   old: --
16f1713
   new: pragma fuse_def DEBUG:1  0x1000 {        -- In-Circuit Debugger Mode
   old: pragma fuse_def LVP:1  0x2000 {          -- Low-Voltage Programming Enable
16f17144
   new: pragma fuse_def DEBUG:1  0x2000 {        -- Background Debugger
   old: --
16f17145
   new: pragma fuse_def DEBUG:1  0x2000 {        -- Background Debugger
   old: --
16f17146
   new: pragma fuse_def DEBUG:1  0x2000 {        -- Background Debugger
   old: --
16f17154
   new: pragma fuse_def DEBUG:1  0x2000 {        -- Background Debugger
   old: --
16f17155
   new: pragma fuse_def DEBUG:1  0x2000 {        -- Background Debugger
   old: --
16f17156
   new: pragma fuse_def DEBUG:1  0x2000 {        -- Background Debugger
   old: --
16f1716
   new: pragma fuse_def DEBUG:1  0x1000 {        -- In-Circuit Debugger Mode
   old: pragma fuse_def LVP:1  0x2000 {          -- Low-Voltage Programming Enable
16f1717
   new: pragma fuse_def DEBUG:1  0x1000 {        -- In-Circuit Debugger Mode
   old: pragma fuse_def LVP:1  0x2000 {          -- Low-Voltage Programming Enable
16f17174
   new: pragma fuse_def DEBUG:1  0x2000 {        -- Background Debugger
   old: --
16f17175
   new: pragma fuse_def DEBUG:1  0x2000 {        -- Background Debugger
   old: --
16f17176
   new: pragma fuse_def DEBUG:1  0x2000 {        -- Background Debugger
   old: --
16f1718
   new: pragma fuse_def DEBUG:1  0x1000 {        -- In-Circuit Debugger Mode
   old: pragma fuse_def LVP:1  0x2000 {          -- Low-Voltage Programming Enable
16f1719
   new: pragma fuse_def DEBUG:1  0x1000 {        -- In-Circuit Debugger Mode
   old: pragma fuse_def LVP:1  0x2000 {          -- Low-Voltage Programming Enable
16f17524
   new: alias               pin_OPA1IN3_NEG_direction is pin_A0_direction
   old: alias               pin_OPA1LZIN3_NEG_direction is pin_A0_direction
16f17525
   new: alias               pin_OPA1IN3_NEG_direction is pin_A0_direction
   old: alias               pin_OPA1LZIN3_NEG_direction is pin_A0_direction
16f17526
   new: alias               pin_OPA1IN3_NEG_direction is pin_A0_direction
   old: alias               pin_OPA1LZIN3_NEG_direction is pin_A0_direction
16f17544
   new: alias               pin_OPA1IN3_NEG_direction is pin_A0_direction
   old: alias               pin_OPA1LZIN3_NEG_direction is pin_A0_direction
16f17545
   new: alias               pin_OPA1IN3_NEG_direction is pin_A0_direction
   old: alias               pin_OPA1LZIN3_NEG_direction is pin_A0_direction
16f17546
   new: alias               pin_OPA1IN3_NEG_direction is pin_A0_direction
   old: alias               pin_OPA1LZIN3_NEG_direction is pin_A0_direction
16f17554
   new: alias               pin_OPA2IN1_POS_direction is pin_A1_direction
   old: alias               pin_OPA2HZIN1_POS_direction is pin_A1_direction
16f17555
   new: alias               pin_OPA2IN1_POS_direction is pin_A1_direction
   old: alias               pin_OPA2HZIN1_POS_direction is pin_A1_direction
16f17556
   new: alias               pin_OPA2IN1_POS_direction is pin_A1_direction
   old: alias               pin_OPA2HZIN1_POS_direction is pin_A1_direction
16f17574
   new: alias               pin_OPA2IN1_POS_direction is pin_A1_direction
   old: alias               pin_OPA2HYZIN1_POS_direction is pin_A1_direction
16f17575
   new: alias               pin_OPA2IN1_POS_direction is pin_A1_direction
   old: alias               pin_OPA2HYZIN1_POS_direction is pin_A1_direction
16f17576
   new: alias               pin_OPA2IN1_POS_direction is pin_A1_direction
   old: alias               pin_OPA2HYZIN1_POS_direction is pin_A1_direction
16f1764
   new: pragma fuse_def DEBUG:1  0x1000 {        -- In-Circuit Debugger Mode
   old: pragma fuse_def LVP:1  0x2000 {          -- Low-Voltage Programming Enable
16f1765
   new: pragma fuse_def DEBUG:1  0x1000 {        -- In-Circuit Debugger Mode
   old: pragma fuse_def LVP:1  0x2000 {          -- Low-Voltage Programming Enable
16f1768
   new: pragma fuse_def DEBUG:1  0x1000 {        -- In-Circuit Debugger Mode
   old: pragma fuse_def LVP:1  0x2000 {          -- Low-Voltage Programming Enable
16f1769
   new: pragma fuse_def DEBUG:1  0x1000 {        -- In-Circuit Debugger Mode
   old: pragma fuse_def LVP:1  0x2000 {          -- Low-Voltage Programming Enable
16f1773
   new: pragma fuse_def DEBUG:1  0x1000 {        -- In-Circuit Debugger Mode
   old: pragma fuse_def LVP:1  0x2000 {          -- Low-Voltage Programming Enable
16f1776
   new: pragma fuse_def DEBUG:1  0x1000 {        -- In-Circuit Debugger Mode
   old: pragma fuse_def LVP:1  0x2000 {          -- Low-Voltage Programming Enable
16f1777
   new: pragma fuse_def DEBUG:1  0x1000 {        -- In-Circuit Debugger Mode
   old: pragma fuse_def LVP:1  0x2000 {          -- Low-Voltage Programming Enable
16f1778
   new: pragma fuse_def DEBUG:1  0x1000 {        -- In-Circuit Debugger Mode
   old: pragma fuse_def LVP:1  0x2000 {          -- Low-Voltage Programming Enable
16f1779
   new: pragma fuse_def DEBUG:1  0x1000 {        -- In-Circuit Debugger Mode
   old: pragma fuse_def LVP:1  0x2000 {          -- Low-Voltage Programming Enable
16f1782
   new: pragma fuse_def DEBUG:1  0x1000 {        -- In-Circuit Debugger Mode
   old: pragma fuse_def LVP:1  0x2000 {          -- Low-Voltage Programming Enable
16f1783
   new: pragma fuse_def DEBUG:1  0x1000 {        -- In-Circuit Debugger Mode
   old: pragma fuse_def LVP:1  0x2000 {          -- Low-Voltage Programming Enable
16f1784
   new: pragma fuse_def DEBUG:1  0x1000 {        -- In-Circuit Debugger Mode
   old: pragma fuse_def LVP:1  0x2000 {          -- Low-Voltage Programming Enable
16f1786
   new: pragma fuse_def DEBUG:1  0x1000 {        -- In-Circuit Debugger Mode
   old: pragma fuse_def LVP:1  0x2000 {          -- Low-Voltage Programming Enable
16f1787
   new: pragma fuse_def DEBUG:1  0x1000 {        -- In-Circuit Debugger Mode
   old: pragma fuse_def LVP:1  0x2000 {          -- Low-Voltage Programming Enable
16f1788
   new: pragma fuse_def DEBUG:1  0x1000 {        -- In-Circuit Debugger Mode
   old: pragma fuse_def LVP:1  0x2000 {          -- Low-Voltage Programming Enable
16f1789
   new: pragma fuse_def DEBUG:1  0x1000 {        -- In-Circuit Debugger Mode
   old: pragma fuse_def LVP:1  0x2000 {          -- Low-Voltage Programming Enable
16f18013
16f18014
16f18015
16f18023
16f18024
16f18025
16f18026
16f18044
16f18045
16f18046
16f18054
16f18055
16f18056
16f18074
16f18075
16f18076
16f18114
   new: pragma fuse_def DEBUG:1  0x2000 {        -- Background Debugger
   old: --
16f18115
   new: pragma fuse_def DEBUG:1  0x2000 {        -- Background Debugger
   old: --
16f18124
   new: pragma fuse_def DEBUG:1  0x2000 {        -- Background Debugger
   old: --
16f18125
   new: pragma fuse_def DEBUG:1  0x2000 {        -- Background Debugger
   old: --
16f18126
   new: pragma fuse_def DEBUG:1  0x2000 {        -- Background Debugger
   old: --
16f18144
   new: pragma fuse_def DEBUG:1  0x2000 {        -- Background Debugger
   old: --
16f18145
   new: pragma fuse_def DEBUG:1  0x2000 {        -- Background Debugger
   old: --
16f18146
   new: pragma fuse_def DEBUG:1  0x2000 {        -- Background Debugger
   old: --
16f18154
   new: pragma fuse_def DEBUG:1  0x2000 {        -- Background Debugger
   old: --
16f18155
   new: pragma fuse_def DEBUG:1  0x2000 {        -- Background Debugger
   old: --
16f18156
   new: pragma fuse_def DEBUG:1  0x2000 {        -- Background Debugger
   old: --
16f18174
   new: pragma fuse_def DEBUG:1  0x2000 {        -- Background Debugger
   old: --
16f18175
   new: pragma fuse_def DEBUG:1  0x2000 {        -- Background Debugger
   old: --
16f18176
   new: pragma fuse_def DEBUG:1  0x2000 {        -- Background Debugger
   old: --
16f1823
   new: pragma fuse_def DEBUG:1  0x1000 {        -- In-Circuit Debugger Mode
   old: pragma fuse_def LVP:1  0x2000 {          -- Low-Voltage Programming Enable
16f1824
   new: pragma fuse_def DEBUG:1  0x1000 {        -- In-Circuit Debugger Mode
   old: pragma fuse_def LVP:1  0x2000 {          -- Low-Voltage Programming Enable
16f1825
   new: pragma fuse_def DEBUG:1  0x1000 {        -- In-Circuit Debugger Mode
   old: pragma fuse_def LVP:1  0x2000 {          -- Low-Voltage Programming Enable
16f1826
   new: pragma fuse_def DEBUG:1  0x1000 {        -- In-Circuit Debugger Mode
   old: pragma fuse_def LVP:1  0x2000 {          -- Low-Voltage Programming Enable
16f1827
   new: pragma fuse_def DEBUG:1  0x1000 {        -- In-Circuit Debugger Mode
   old: pragma fuse_def LVP:1  0x2000 {          -- Low-Voltage Programming Enable
16f1828
   new: pragma fuse_def DEBUG:1  0x1000 {        -- In-Circuit Debugger Mode
   old: pragma fuse_def LVP:1  0x2000 {          -- Low-Voltage Programming Enable
16f1829
   new: pragma fuse_def DEBUG:1  0x1000 {        -- In-Circuit Debugger Mode
   old: pragma fuse_def LVP:1  0x2000 {          -- Low-Voltage Programming Enable
16f1829lin
   new: pragma fuse_def DEBUG:1  0x1000 {        -- In-Circuit Debugger Mode
   old: pragma fuse_def LVP:1  0x2000 {          -- Low-Voltage Programming Enable
16f18313
16f18323
16f18324
16f18325
16f18326
16f18344
16f18345
16f18346
16f18424
   new: pragma fuse_def DEBUG:1  0x2000 {        -- Background Debugger
   old: --
16f18425
   new: pragma fuse_def DEBUG:1  0x2000 {        -- Background Debugger
   old: --
16f18426
   new: pragma fuse_def DEBUG:1  0x2000 {        -- Background Debugger
   old: --
16f18444
   new: pragma fuse_def DEBUG:1  0x2000 {        -- Background Debugger
   old: --
16f18445
   new: pragma fuse_def DEBUG:1  0x2000 {        -- Background Debugger
   old: --
16f18446
   new: pragma fuse_def DEBUG:1  0x2000 {        -- Background Debugger
   old: --
16f18455
   new: pragma fuse_def DEBUG:1  0x2000 {        -- Background Debugger
   old: --
16f18456
   new: pragma fuse_def DEBUG:1  0x2000 {        -- Background Debugger
   old: --
16f1847
   new: pragma fuse_def DEBUG:1  0x1000 {        -- In-Circuit Debugger Mode
   old: pragma fuse_def LVP:1  0x2000 {          -- Low-Voltage Programming Enable
16f18854
   new: pragma fuse_def DEBUG:1  0x2000 {        -- Background Debugger
   old: --
16f18855
   new: pragma fuse_def DEBUG:1  0x2000 {        -- Background Debugger
   old: --
16f18856
   new: pragma fuse_def DEBUG:1  0x2000 {        -- Background Debugger
   old: --
16f18857
   new: pragma fuse_def DEBUG:1  0x2000 {        -- Background Debugger
   old: --
16f18875
   new: pragma fuse_def DEBUG:1  0x2000 {        -- Background Debugger
   old: --
16f18876
   new: pragma fuse_def DEBUG:1  0x2000 {        -- Background Debugger
   old: --
16f18877
   new: pragma fuse_def DEBUG:1  0x2000 {        -- Background Debugger
   old: --
16f19155
   new: pragma fuse_def DEBUG:1  0x2000 {        -- Background Debugger
   old: --
16f19156
   new: pragma fuse_def DEBUG:1  0x2000 {        -- Background Debugger
   old: --
16f19175
   new: pragma fuse_def DEBUG:1  0x2000 {        -- Background Debugger
   old: --
16f19176
   new: pragma fuse_def DEBUG:1  0x2000 {        -- Background Debugger
   old: --
16f19185
   new: pragma fuse_def DEBUG:1  0x2000 {        -- Background Debugger
   old: --
16f19186
   new: pragma fuse_def DEBUG:1  0x2000 {        -- Background Debugger
   old: --
16f19195
   new: pragma fuse_def DEBUG:1  0x2000 {        -- Background Debugger
   old: --
16f19196
   new: pragma fuse_def DEBUG:1  0x2000 {        -- Background Debugger
   old: --
16f19197
   new: pragma fuse_def DEBUG:1  0x2000 {        -- Background Debugger
   old: --
16f1933
   new: pragma fuse_def DEBUG:1  0x1000 {        -- In-Circuit Debugger Mode
   old: pragma fuse_def LVP:1  0x2000 {          -- Low-Voltage Programming Enable
16f1934
   new: pragma fuse_def DEBUG:1  0x1000 {        -- In-Circuit Debugger Mode
   old: pragma fuse_def LVP:1  0x2000 {          -- Low-Voltage Programming Enable
16f1936
   new: pragma fuse_def DEBUG:1  0x1000 {        -- In-Circuit Debugger Mode
   old: pragma fuse_def LVP:1  0x2000 {          -- Low-Voltage Programming Enable
16f1937
   new: pragma fuse_def DEBUG:1  0x1000 {        -- In-Circuit Debugger Mode
   old: pragma fuse_def LVP:1  0x2000 {          -- Low-Voltage Programming Enable
16f1938
   new: pragma fuse_def DEBUG:1  0x1000 {        -- In-Circuit Debugger Mode
   old: pragma fuse_def LVP:1  0x2000 {          -- Low-Voltage Programming Enable
16f1939
   new: pragma fuse_def DEBUG:1  0x1000 {        -- In-Circuit Debugger Mode
   old: pragma fuse_def LVP:1  0x2000 {          -- Low-Voltage Programming Enable
16f1946
   new: pragma fuse_def DEBUG:1  0x1000 {        -- In-Circuit Debugger Mode
   old: pragma fuse_def LVP:1  0x2000 {          -- Low-Voltage Programming Enable
16f1947
   new: pragma fuse_def DEBUG:1  0x1000 {        -- In-Circuit Debugger Mode
   old: pragma fuse_def LVP:1  0x2000 {          -- Low-Voltage Programming Enable
16f505
16f506
16f526
16f54
16f57
16f59
16f610
   new: DISABLED = 0x100                  -- BOR Disabled
   old: DISABLED = 0x0                    -- BOR Disabled
16f616
   new: DISABLED = 0x100                  -- BOR Disabled
   old: DISABLED = 0x0                    -- BOR Disabled
16f627
16f627a
16f628
16f628a
16f630
16f631
16f636
16f639
16f648a
16f676
16f677
16f684
16f685
16f687
16f688
16f689
16f690
16f707
   new: DISABLED = 0x100                  -- BOR disabled (Preconditioned State)
   old: DISABLED = 0x0                    -- BOR disabled (Preconditioned State)
16f716
16f72
16f720
16f721
16f722
   new: DISABLED = 0x100                  -- BOR disabled
   old: DISABLED = 0x0                    -- BOR disabled
16f722a
   new: DISABLED = 0x100                  -- BOR disabled
   old: DISABLED = 0x0                    -- BOR disabled
16f723
   new: DISABLED = 0x100                  -- BOR disabled
   old: DISABLED = 0x0                    -- BOR disabled
16f723a
   new: DISABLED = 0x100                  -- BOR disabled
   old: DISABLED = 0x0                    -- BOR disabled
16f724
   new: DISABLED = 0x100                  -- BOR disabled
   old: DISABLED = 0x0                    -- BOR disabled
16f726
   new: DISABLED = 0x100                  -- BOR disabled
   old: DISABLED = 0x0                    -- BOR disabled
16f727
   new: DISABLED = 0x100                  -- BOR disabled
   old: DISABLED = 0x0                    -- BOR disabled
16f73
16f737
16f74
16f747
16f753
16f76
16f767
16f77
16f777
16f785
16f818
16f819
16f83
16f84
16f84a
16f87
16f870
16f871
16f872
16f873
16f873a
16f874
16f874a
16f876
16f876a
16f877
16f877a
16f88
16f882
16f883
16f884
16f886
16f887
16f913
16f914
16f916
16f917
16f946
16hv610
   new: DISABLED = 0x100                  -- BOR Disabled
   old: DISABLED = 0x0                    -- BOR Disabled
16hv616
   new: DISABLED = 0x100                  -- BOR Disabled
   old: DISABLED = 0x0                    -- BOR Disabled
16hv753
16hv785
16lf1454
16lf1455
16lf1459
16lf1503
16lf1507
16lf1508
16lf1509
16lf1512
16lf1513
16lf1516
16lf1517
16lf1518
16lf1519
16lf1526
   new: pragma fuse_def DEBUG:1  0x1000 {        -- In-Circuit Debugger Mode
   old: pragma fuse_def LVP:1  0x2000 {          -- Low-Voltage Programming Enable
16lf1527
   new: pragma fuse_def DEBUG:1  0x1000 {        -- In-Circuit Debugger Mode
   old: pragma fuse_def LVP:1  0x2000 {          -- Low-Voltage Programming Enable
16lf15313
16lf15323
16lf15324
16lf15325
16lf15344
16lf15345
16lf15354
16lf15355
16lf15356
16lf15375
16lf15376
16lf15385
16lf15386
16lf1554
   new: pragma fuse_def DEBUG:1  0x1000 {        -- In-Circuit Debugger Mode
   old: pragma fuse_def LVP:1  0x2000 {          -- Low-Voltage Programming Enable
16lf1559
   new: pragma fuse_def DEBUG:1  0x1000 {        -- In-Circuit Debugger Mode
   old: pragma fuse_def LVP:1  0x2000 {          -- Low-Voltage Programming Enable
16lf1566
   new: pragma fuse_def DEBUG:1  0x1000 {        -- In-Circuit Debugger Mode
   old: pragma fuse_def LVP:1  0x2000 {          -- Low-Voltage Programming Enable
16lf1567
   new: pragma fuse_def DEBUG:1  0x1000 {        -- In-Circuit Debugger Mode
   old: pragma fuse_def LVP:1  0x2000 {          -- Low-Voltage Programming Enable
16lf1574
   new: alias               pin_VREF_POS_direction    is pin_A1_direction
   old: alias               pin_VREF_POS_DAC_direction is pin_A1_direction
16lf1575
   new: alias               pin_VREF_POS_direction    is pin_A1_direction
   old: alias               pin_VREF_POS_DAC_direction is pin_A1_direction
16lf1578
   new: alias               pin_VREF_POS_direction    is pin_A1_direction
   old: alias               pin_VREF_POS_ADC_direction is pin_A1_direction
16lf1579
   new: alias               pin_VREF_POS_direction    is pin_A1_direction
   old: alias               pin_VREF_POS_ADC_direction is pin_A1_direction
16lf1613
   new: pragma fuse_def DEBUG:1  0x1000 {        -- In-Circuit Debugger Mode
   old: pragma fuse_def LVP:1  0x2000 {          -- Low-Voltage Programming Enable
16lf1614
   new: pragma fuse_def DEBUG:1  0x1000 {        -- In-Circuit Debugger Mode
   old: pragma fuse_def LVP:1  0x2000 {          -- Low-Voltage Programming Enable
16lf1615
   new: pragma fuse_def DEBUG:1  0x1000 {        -- In-Circuit Debugger Mode
   old: pragma fuse_def LVP:1  0x2000 {          -- Low-Voltage Programming Enable
16lf1618
   new: pragma fuse_def DEBUG:1  0x1000 {        -- In-Circuit Debugger Mode
   old: pragma fuse_def LVP:1  0x2000 {          -- Low-Voltage Programming Enable
16lf1619
   new: pragma fuse_def DEBUG:1  0x1000 {        -- In-Circuit Debugger Mode
   old: pragma fuse_def LVP:1  0x2000 {          -- Low-Voltage Programming Enable
16lf1703
   new: pragma fuse_def DEBUG:1  0x1000 {        -- In-Circuit Debugger Mode
   old: pragma fuse_def LVP:1  0x2000 {          -- Low-Voltage Programming Enable
16lf1704
   new: pragma fuse_def DEBUG:1  0x1000 {        -- In-Circuit Debugger Mode
   old: pragma fuse_def LVP:1  0x2000 {          -- Low-Voltage Programming Enable
16lf1705
   new: pragma fuse_def DEBUG:1  0x1000 {        -- In-Circuit Debugger Mode
   old: pragma fuse_def LVP:1  0x2000 {          -- Low-Voltage Programming Enable
16lf1707
   new: pragma fuse_def DEBUG:1  0x1000 {        -- In-Circuit Debugger Mode
   old: pragma fuse_def LVP:1  0x2000 {          -- Low-Voltage Programming Enable
16lf1708
   new: pragma fuse_def DEBUG:1  0x1000 {        -- In-Circuit Debugger Mode
   old: pragma fuse_def LVP:1  0x2000 {          -- Low-Voltage Programming Enable
16lf1709
   new: pragma fuse_def DEBUG:1  0x1000 {        -- In-Circuit Debugger Mode
   old: pragma fuse_def LVP:1  0x2000 {          -- Low-Voltage Programming Enable
16lf1713
   new: pragma fuse_def DEBUG:1  0x1000 {        -- In-Circuit Debugger Mode
   old: pragma fuse_def LVP:1  0x2000 {          -- Low-Voltage Programming Enable
16lf1716
   new: pragma fuse_def DEBUG:1  0x1000 {        -- In-Circuit Debugger Mode
   old: pragma fuse_def LVP:1  0x2000 {          -- Low-Voltage Programming Enable
16lf1717
   new: pragma fuse_def DEBUG:1  0x1000 {        -- In-Circuit Debugger Mode
   old: pragma fuse_def LVP:1  0x2000 {          -- Low-Voltage Programming Enable
16lf1718
   new: pragma fuse_def DEBUG:1  0x1000 {        -- In-Circuit Debugger Mode
   old: pragma fuse_def LVP:1  0x2000 {          -- Low-Voltage Programming Enable
16lf1719
   new: pragma fuse_def DEBUG:1  0x1000 {        -- In-Circuit Debugger Mode
   old: pragma fuse_def LVP:1  0x2000 {          -- Low-Voltage Programming Enable
16lf1764
   new: pragma fuse_def DEBUG:1  0x1000 {        -- In-Circuit Debugger Mode
   old: pragma fuse_def LVP:1  0x2000 {          -- Low-Voltage Programming Enable
16lf1765
   new: pragma fuse_def DEBUG:1  0x1000 {        -- In-Circuit Debugger Mode
   old: pragma fuse_def LVP:1  0x2000 {          -- Low-Voltage Programming Enable
16lf1768
   new: pragma fuse_def DEBUG:1  0x1000 {        -- In-Circuit Debugger Mode
   old: pragma fuse_def LVP:1  0x2000 {          -- Low-Voltage Programming Enable
16lf1769
   new: pragma fuse_def DEBUG:1  0x1000 {        -- In-Circuit Debugger Mode
   old: pragma fuse_def LVP:1  0x2000 {          -- Low-Voltage Programming Enable
16lf1773
   new: pragma fuse_def DEBUG:1  0x1000 {        -- In-Circuit Debugger Mode
   old: pragma fuse_def LVP:1  0x2000 {          -- Low-Voltage Programming Enable
16lf1776
   new: pragma fuse_def DEBUG:1  0x1000 {        -- In-Circuit Debugger Mode
   old: pragma fuse_def LVP:1  0x2000 {          -- Low-Voltage Programming Enable
16lf1777
   new: pragma fuse_def DEBUG:1  0x1000 {        -- In-Circuit Debugger Mode
   old: pragma fuse_def LVP:1  0x2000 {          -- Low-Voltage Programming Enable
16lf1778
   new: pragma fuse_def DEBUG:1  0x1000 {        -- In-Circuit Debugger Mode
   old: pragma fuse_def LVP:1  0x2000 {          -- Low-Voltage Programming Enable
16lf1779
   new: pragma fuse_def DEBUG:1  0x1000 {        -- In-Circuit Debugger Mode
   old: pragma fuse_def LVP:1  0x2000 {          -- Low-Voltage Programming Enable
16lf1782
   new: pragma fuse_def DEBUG:1  0x1000 {        -- In-Circuit Debugger Mode
   old: pragma fuse_def LVP:1  0x2000 {          -- Low-Voltage Programming Enable
16lf1783
   new: pragma fuse_def DEBUG:1  0x1000 {        -- In-Circuit Debugger Mode
   old: pragma fuse_def LVP:1  0x2000 {          -- Low-Voltage Programming Enable
16lf1784
   new: pragma fuse_def DEBUG:1  0x1000 {        -- In-Circuit Debugger Mode
   old: pragma fuse_def LVP:1  0x2000 {          -- Low-Voltage Programming Enable
16lf1786
   new: pragma fuse_def DEBUG:1  0x1000 {        -- In-Circuit Debugger Mode
   old: pragma fuse_def LVP:1  0x2000 {          -- Low-Voltage Programming Enable
16lf1787
   new: pragma fuse_def DEBUG:1  0x1000 {        -- In-Circuit Debugger Mode
   old: pragma fuse_def LVP:1  0x2000 {          -- Low-Voltage Programming Enable
16lf1788
   new: pragma fuse_def DEBUG:1  0x1000 {        -- In-Circuit Debugger Mode
   old: pragma fuse_def LVP:1  0x2000 {          -- Low-Voltage Programming Enable
16lf1789
   new: pragma fuse_def DEBUG:1  0x1000 {        -- In-Circuit Debugger Mode
   old: pragma fuse_def LVP:1  0x2000 {          -- Low-Voltage Programming Enable
16lf1823
   new: pragma fuse_def DEBUG:1  0x1000 {        -- In-Circuit Debugger Mode
   old: pragma fuse_def LVP:1  0x2000 {          -- Low-Voltage Programming Enable
16lf1824
   new: pragma fuse_def DEBUG:1  0x1000 {        -- In-Circuit Debugger Mode
   old: pragma fuse_def LVP:1  0x2000 {          -- Low-Voltage Programming Enable
16lf1824t39a
16lf1825
   new: pragma fuse_def DEBUG:1  0x1000 {        -- In-Circuit Debugger Mode
   old: pragma fuse_def LVP:1  0x2000 {          -- Low-Voltage Programming Enable
16lf1826
   new: pragma fuse_def DEBUG:1  0x1000 {        -- In-Circuit Debugger Mode
   old: pragma fuse_def LVP:1  0x2000 {          -- Low-Voltage Programming Enable
16lf1827
   new: pragma fuse_def DEBUG:1  0x1000 {        -- In-Circuit Debugger Mode
   old: pragma fuse_def LVP:1  0x2000 {          -- Low-Voltage Programming Enable
16lf1828
   new: pragma fuse_def DEBUG:1  0x1000 {        -- In-Circuit Debugger Mode
   old: pragma fuse_def LVP:1  0x2000 {          -- Low-Voltage Programming Enable
16lf1829
   new: pragma fuse_def DEBUG:1  0x1000 {        -- In-Circuit Debugger Mode
   old: pragma fuse_def LVP:1  0x2000 {          -- Low-Voltage Programming Enable
16lf18313
16lf18323
16lf18324
16lf18325
16lf18326
16lf18344
16lf18345
16lf18346
16lf18424
16lf18425
16lf18426
16lf18444
16lf18445
16lf18446
16lf18455
16lf18456
16lf1847
   new: pragma fuse_def DEBUG:1  0x1000 {        -- In-Circuit Debugger Mode
   old: pragma fuse_def LVP:1  0x2000 {          -- Low-Voltage Programming Enable
16lf18854
   new: pragma fuse_def DEBUG:1  0x2000 {        -- Background Debugger
   old: --
16lf18855
   new: pragma fuse_def DEBUG:1  0x2000 {        -- Background Debugger
   old: --
16lf18856
   new: pragma fuse_def DEBUG:1  0x2000 {        -- Background Debugger
   old: --
16lf18857
   new: pragma fuse_def DEBUG:1  0x2000 {        -- Background Debugger
   old: --
16lf18875
   new: pragma fuse_def DEBUG:1  0x2000 {        -- Background Debugger
   old: --
16lf18876
   new: pragma fuse_def DEBUG:1  0x2000 {        -- Background Debugger
   old: --
16lf18877
   new: pragma fuse_def DEBUG:1  0x2000 {        -- Background Debugger
   old: --
16lf1902
   new: pragma fuse_def DEBUG:1  0x1000 {        -- In-Circuit Debugger Mode
   old: pragma fuse_def LVP:1  0x2000 {          -- Low-Voltage Programming Enable
16lf1903
   new: pragma fuse_def DEBUG:1  0x1000 {        -- In-Circuit Debugger Mode
   old: pragma fuse_def LVP:1  0x2000 {          -- Low-Voltage Programming Enable
16lf1904
   new: pragma fuse_def DEBUG:1  0x1000 {        -- In-Circuit Debugger Mode
   old: pragma fuse_def LVP:1  0x2000 {          -- Low-Voltage Programming Enable
16lf1906
   new: pragma fuse_def DEBUG:1  0x1000 {        -- In-Circuit Debugger Mode
   old: pragma fuse_def LVP:1  0x2000 {          -- Low-Voltage Programming Enable
16lf1907
   new: pragma fuse_def DEBUG:1  0x1000 {        -- In-Circuit Debugger Mode
   old: pragma fuse_def LVP:1  0x2000 {          -- Low-Voltage Programming Enable
16lf19155
   new: pragma fuse_def DEBUG:1  0x2000 {        -- Background Debugger
   old: --
16lf19156
   new: pragma fuse_def DEBUG:1  0x2000 {        -- Background Debugger
   old: --
16lf19175
   new: pragma fuse_def DEBUG:1  0x2000 {        -- Background Debugger
   old: --
16lf19176
   new: pragma fuse_def DEBUG:1  0x2000 {        -- Background Debugger
   old: --
16lf19185
   new: pragma fuse_def DEBUG:1  0x2000 {        -- Background Debugger
   old: --
16lf19186
16lf19195
   new: pragma fuse_def DEBUG:1  0x2000 {        -- Background Debugger
   old: --
16lf19196
   new: pragma fuse_def DEBUG:1  0x2000 {        -- Background Debugger
   old: --
16lf19197
   new: pragma fuse_def DEBUG:1  0x2000 {        -- Background Debugger
   old: --
16lf1933
   new: pragma fuse_def DEBUG:1  0x1000 {        -- In-Circuit Debugger Mode
   old: pragma fuse_def LVP:1  0x2000 {          -- Low-Voltage Programming Enable
16lf1934
   new: pragma fuse_def DEBUG:1  0x1000 {        -- In-Circuit Debugger Mode
   old: pragma fuse_def LVP:1  0x2000 {          -- Low-Voltage Programming Enable
16lf1936
   new: pragma fuse_def DEBUG:1  0x1000 {        -- In-Circuit Debugger Mode
   old: pragma fuse_def LVP:1  0x2000 {          -- Low-Voltage Programming Enable
16lf1937
   new: pragma fuse_def DEBUG:1  0x1000 {        -- In-Circuit Debugger Mode
   old: pragma fuse_def LVP:1  0x2000 {          -- Low-Voltage Programming Enable
16lf1938
   new: pragma fuse_def DEBUG:1  0x1000 {        -- In-Circuit Debugger Mode
   old: pragma fuse_def LVP:1  0x2000 {          -- Low-Voltage Programming Enable
16lf1939
   new: pragma fuse_def DEBUG:1  0x1000 {        -- In-Circuit Debugger Mode
   old: pragma fuse_def LVP:1  0x2000 {          -- Low-Voltage Programming Enable
16lf1946
   new: pragma fuse_def DEBUG:1  0x1000 {        -- In-Circuit Debugger Mode
   old: pragma fuse_def LVP:1  0x2000 {          -- Low-Voltage Programming Enable
16lf1947
   new: pragma fuse_def DEBUG:1  0x1000 {        -- In-Circuit Debugger Mode
   old: pragma fuse_def LVP:1  0x2000 {          -- Low-Voltage Programming Enable
16lf627
16lf627a
16lf628
16lf628a
16lf648a
16lf707
   new: DISABLED = 0x100                  -- BOR disabled (Preconditioned State)
   old: DISABLED = 0x0                    -- BOR disabled (Preconditioned State)
16lf720
16lf721
16lf722
   new: DISABLED = 0x100                  -- BOR disabled
   old: DISABLED = 0x0                    -- BOR disabled
16lf722a
   new: DISABLED = 0x100                  -- BOR disabled
   old: DISABLED = 0x0                    -- BOR disabled
16lf723
   new: DISABLED = 0x100                  -- BOR disabled
   old: DISABLED = 0x0                    -- BOR disabled
16lf723a
   new: DISABLED = 0x100                  -- BOR disabled
   old: DISABLED = 0x0                    -- BOR disabled
16lf724
   new: DISABLED = 0x100                  -- BOR disabled
   old: DISABLED = 0x0                    -- BOR disabled
16lf726
   new: DISABLED = 0x100                  -- BOR disabled
   old: DISABLED = 0x0                    -- BOR disabled
16lf727
   new: DISABLED = 0x100                  -- BOR disabled
   old: DISABLED = 0x0                    -- BOR disabled
16lf73
16lf74
16lf747
16lf76
16lf767
16lf77
16lf777
16lf818
16lf819
16lf83
16lf84
16lf84a
16lf87
16lf870
16lf871
16lf872
16lf873
16lf873a
16lf874
16lf874a
16lf876
16lf876a
16lf877
16lf877a
16lf88
18f04q20
18f04q40
   new: pragma fuse_def DEBUG:6  0x20 {          -- Background Debugger
   old: --
18f04q41
   new: pragma fuse_def DEBUG:6  0x20 {          -- Background Debugger
   old: --
18f05q20
18f05q40
   new: pragma fuse_def DEBUG:6  0x20 {          -- Background Debugger
   old: --
18f05q41
   new: pragma fuse_def DEBUG:6  0x20 {          -- Background Debugger
   old: --
18f06q20
18f06q40
   new: pragma fuse_def DEBUG:6  0x20 {          -- Background Debugger
   old: --
18f06q41
   new: pragma fuse_def DEBUG:6  0x20 {          -- Background Debugger
   old: --
18f1220
18f1230
18f1320
18f1330
18f13k22
18f13k50
18f14k22
18f14k50
18f14q20
18f14q40
   new: pragma fuse_def DEBUG:6  0x20 {          -- Background Debugger
   old: --
18f14q41
   new: pragma fuse_def DEBUG:6  0x20 {          -- Background Debugger
   old: --
18f15q20
18f15q40
   new: pragma fuse_def DEBUG:6  0x20 {          -- Background Debugger
   old: --
18f15q41
   new: pragma fuse_def DEBUG:6  0x20 {          -- Background Debugger
   old: --
18f16q20
18f16q40
   new: pragma fuse_def DEBUG:6  0x20 {          -- Background Debugger
   old: --
18f16q41
   new: pragma fuse_def DEBUG:6  0x20 {          -- Background Debugger
   old: --
18f2220
18f2221
18f2320
18f2321
18f2331
18f23k20
18f23k22
18f2410
18f242
18f2420
18f2423
18f2431
18f2439
18f2450
18f2455
18f2458
18f248
18f2480
18f24j10
18f24j11
18f24j50
18f24k20
18f24k22
18f24k40
18f24k42
18f24k50
18f24q10
18f24q24
   new: pragma fuse_def DEBUG:3  0x40 {          -- Background Debugger
   old: pragma fuse_def XINST:3  0x80 {          -- Extended Instruction Set Enable bit
18f24q71
   new: pragma fuse_def DEBUG:3  0x40 {          -- Background Debugger
   old: pragma fuse_def XINST:3  0x80 {          -- Extended Instruction Set Enable bit
18f2510
18f2515
18f252
18f2520
18f2523
18f2525
18f2539
18f2550
18f2553
18f258
18f2580
18f2585
18f25j10
18f25j11
18f25j50
18f25k20
18f25k22
18f25k40
18f25k42
18f25k50
18f25k80
   new: pragma fuse_def DEBUG:6  0x80 {          -- Background Debugger
   old: --
18f25k83
18f25q10
18f25q24
   new: pragma fuse_def DEBUG:3  0x40 {          -- Background Debugger
   old: pragma fuse_def XINST:3  0x80 {          -- Extended Instruction Set Enable bit
18f25q43
   new: pragma fuse_def DEBUG:6  0x20 {          -- Background Debugger
   old: --
18f25q71
   new: pragma fuse_def DEBUG:3  0x40 {          -- Background Debugger
   old: pragma fuse_def XINST:3  0x80 {          -- Extended Instruction Set Enable bit
18f2610
18f2620
18f2680
18f2682
18f2685
18f26j11
18f26j13
18f26j50
18f26j53
18f26k20
18f26k22
18f26k40
18f26k42
18f26k80
   new: pragma fuse_def DEBUG:6  0x80 {          -- Background Debugger
   old: --
18f26k83
18f26q10
18f26q24
   new: pragma fuse_def DEBUG:3  0x40 {          -- Background Debugger
   old: pragma fuse_def XINST:3  0x80 {          -- Extended Instruction Set Enable bit
18f26q43
   new: pragma fuse_def DEBUG:6  0x20 {          -- Background Debugger
   old: --
18f26q71
   new: pragma fuse_def DEBUG:3  0x40 {          -- Background Debugger
   old: pragma fuse_def XINST:3  0x80 {          -- Extended Instruction Set Enable bit
18f26q83
   new: pragma fuse_def DEBUG:6  0x20 {          -- Background Debugger
   old: --
18f26q84
   new: pragma fuse_def DEBUG:6  0x20 {          -- Background Debugger
   old: --
18f27j13
18f27j53
18f27k40
18f27k42
18f27q10
18f27q43
   new: pragma fuse_def DEBUG:6  0x20 {          -- Background Debugger
   old: --
18f27q83
   new: pragma fuse_def DEBUG:6  0x20 {          -- Background Debugger
   old: --
18f27q84
   new: pragma fuse_def DEBUG:6  0x20 {          -- Background Debugger
   old: --
18f4220
18f4221
18f4320
18f4321
18f4331
18f43k20
18f43k22
18f4410
18f442
18f4420
18f4423
18f4431
18f4439
18f4450
18f4455
18f4458
18f448
18f4480
18f44j10
18f44j11
18f44j50
18f44k20
18f44k22
18f44q71
   new: pragma fuse_def DEBUG:3  0x40 {          -- Background Debugger
   old: pragma fuse_def XINST:3  0x80 {          -- Extended Instruction Set Enable bit
18f4510
18f4515
18f452
18f4520
18f4523
18f4525
18f4539
18f4550
18f4553
18f458
18f4580
18f4585
18f45j10
18f45j11
18f45j50
18f45k20
18f45k22
18f45k40
18f45k42
18f45k50
18f45k80
   new: pragma fuse_def DEBUG:6  0x80 {          -- Background Debugger
   old: --
18f45q10
18f45q24
   new: pragma fuse_def DEBUG:3  0x40 {          -- Background Debugger
   old: pragma fuse_def XINST:3  0x80 {          -- Extended Instruction Set Enable bit
18f45q43
   new: pragma fuse_def DEBUG:6  0x20 {          -- Background Debugger
   old: --
18f45q71
   new: pragma fuse_def DEBUG:3  0x40 {          -- Background Debugger
   old: pragma fuse_def XINST:3  0x80 {          -- Extended Instruction Set Enable bit
18f4610
18f4620
18f4680
18f4682
18f4685
18f46j11
18f46j13
18f46j50
18f46j53
18f46k20
18f46k22
18f46k40
18f46k42
18f46k80
   new: pragma fuse_def DEBUG:6  0x80 {          -- Background Debugger
   old: --
18f46q10
18f46q24
   new: pragma fuse_def DEBUG:3  0x40 {          -- Background Debugger
   old: pragma fuse_def XINST:3  0x80 {          -- Extended Instruction Set Enable bit
18f46q43
   new: pragma fuse_def DEBUG:6  0x20 {          -- Background Debugger
   old: --
18f46q71
   new: pragma fuse_def DEBUG:3  0x40 {          -- Background Debugger
   old: pragma fuse_def XINST:3  0x80 {          -- Extended Instruction Set Enable bit
18f46q83
   new: pragma fuse_def DEBUG:6  0x20 {          -- Background Debugger
   old: --
18f46q84
   new: pragma fuse_def DEBUG:6  0x20 {          -- Background Debugger
   old: --
18f47j13
18f47j53
18f47k40
18f47k42
18f47q10
18f47q43
   new: pragma fuse_def DEBUG:6  0x20 {          -- Background Debugger
   old: --
18f47q83
   new: pragma fuse_def DEBUG:6  0x20 {          -- Background Debugger
   old: --
18f47q84
   new: pragma fuse_def DEBUG:6  0x20 {          -- Background Debugger
   old: --
18f54q71
   new: pragma fuse_def DEBUG:3  0x40 {          -- Background Debugger
   old: pragma fuse_def XINST:3  0x80 {          -- Extended Instruction Set Enable bit
18f55k42
18f55q24
   new: pragma fuse_def DEBUG:3  0x40 {          -- Background Debugger
   old: pragma fuse_def XINST:3  0x80 {          -- Extended Instruction Set Enable bit
18f55q43
   new: pragma fuse_def DEBUG:6  0x20 {          -- Background Debugger
   old: --
18f55q71
   new: pragma fuse_def DEBUG:3  0x40 {          -- Background Debugger
   old: pragma fuse_def XINST:3  0x80 {          -- Extended Instruction Set Enable bit
18f56k42
18f56q24
   new: pragma fuse_def DEBUG:3  0x40 {          -- Background Debugger
   old: pragma fuse_def XINST:3  0x80 {          -- Extended Instruction Set Enable bit
18f56q43
   new: pragma fuse_def DEBUG:6  0x20 {          -- Background Debugger
   old: --
18f56q71
   new: pragma fuse_def DEBUG:3  0x40 {          -- Background Debugger
   old: pragma fuse_def XINST:3  0x80 {          -- Extended Instruction Set Enable bit
18f56q83
   new: pragma fuse_def DEBUG:6  0x20 {          -- Background Debugger
   old: --
18f56q84
   new: pragma fuse_def DEBUG:6  0x20 {          -- Background Debugger
   old: --
18f57k42
18f57q43
   new: pragma fuse_def DEBUG:6  0x20 {          -- Background Debugger
   old: --
18f57q83
   new: pragma fuse_def DEBUG:6  0x20 {          -- Background Debugger
   old: --
18f57q84
   new: pragma fuse_def DEBUG:6  0x20 {          -- Background Debugger
   old: --
18f6310
18f6390
18f6393
18f63j11
18f63j90
18f6410
18f6490
18f6493
18f64j11
18f64j90
18f6520
18f6525
18f6527
   new: ECM_NOCLKOUT = 0xC                -- External RC oscillator, CLKO function on RA6
   old: INTOSC_CLKOUT = 0x9               -- Internal oscillator block, CLKO function on RA6, port function on RA7
18f6585
18f65j10
18f65j11
18f65j15
18f65j50
18f65j90
18f65j94
18f65k22
18f65k40
18f65k80
   new: pragma fuse_def DEBUG:6  0x80 {          -- Background Debugger
   old: --
18f65k90
18f6620
18f6621
18f6622
   new: ECM_NOCLKOUT = 0xC                -- External RC oscillator, CLKO function on RA6
   old: INTOSC_CLKOUT = 0x9               -- Internal oscillator block, CLKO function on RA6, port function on RA7
18f6627
   new: ECM_NOCLKOUT = 0xC                -- External RC oscillator, CLKO function on RA6
   old: INTOSC_CLKOUT = 0x9               -- Internal oscillator block, CLKO function on RA6, port function on RA7
18f6628
18f6680
18f66j10
18f66j11
18f66j15
18f66j16
18f66j50
18f66j55
18f66j60
18f66j65
18f66j90
18f66j93
18f66j94
18f66j99
18f66k22
18f66k40
18f66k80
   new: pragma fuse_def DEBUG:6  0x80 {          -- Background Debugger
   old: --
18f66k90
18f6720
18f6722
   new: ECM_NOCLKOUT = 0xC                -- External RC oscillator, CLKO function on RA6
   old: INTOSC_CLKOUT = 0x9               -- Internal oscillator block, CLKO function on RA6, port function on RA7
18f6723
18f67j10
18f67j11
18f67j50
18f67j60
18f67j90
18f67j93
18f67j94
18f67k22
18f67k40
18f67k90
18f8310
18f8390
18f8393
18f83j11
18f83j90
18f8410
18f8490
18f8493
18f84j11
18f84j90
18f8520
18f8525
18f8527
   new: ECM_NOCLKOUT = 0xC                -- External RC oscillator, CLKO function on RA6
   old: INTOSC_CLKOUT = 0x9               -- Internal oscillator block, CLKO function on RA6, port function on RA7
18f8585
18f85j10
18f85j11
18f85j15
18f85j50
18f85j90
18f85j94
18f85k22
18f85k90
18f8620
18f8621
18f8622
   new: ECM_NOCLKOUT = 0xC                -- External RC oscillator, CLKO function on RA6
   old: INTOSC_CLKOUT = 0x9               -- Internal oscillator block, CLKO function on RA6, port function on RA7
18f8627
   new: ECM_NOCLKOUT = 0xC                -- External RC oscillator, CLKO function on RA6
   old: INTOSC_CLKOUT = 0x9               -- Internal oscillator block, CLKO function on RA6, port function on RA7
18f8628
18f8680
18f86j10
18f86j11
18f86j15
18f86j16
18f86j50
18f86j55
18f86j60
18f86j65
18f86j72
18f86j90
18f86j93
18f86j94
18f86j99
18f86k22
18f86k90
18f8720
18f8722
   new: ECM_NOCLKOUT = 0xC                -- External RC oscillator, CLKO function on RA6
   old: INTOSC_CLKOUT = 0x9               -- Internal oscillator block, CLKO function on RA6, port function on RA7
18f8723
18f87j10
18f87j11
18f87j50
18f87j60
18f87j72
18f87j90
18f87j93
18f87j94
18f87k22
18f87k90
18f95j94
18f96j60
18f96j65
18f96j94
18f96j99
18f97j60
18f97j94
18lf1220
18lf1230
18lf1320
18lf1330
18lf13k22
18lf13k50
18lf14k22
18lf14k50
18lf2220
18lf2221
18lf2320
18lf2321
18lf2331
18lf23k22
18lf2410
18lf242
18lf2420
18lf2423
18lf2431
18lf2439
18lf2450
18lf2455
18lf2458
18lf248
18lf2480
18lf24j10
18lf24j11
18lf24j50
18lf24k22
18lf24k40
18lf24k42
18lf24k50
18lf2510
18lf2515
18lf252
18lf2520
18lf2523
18lf2525
18lf2539
18lf2550
18lf2553
18lf258
18lf2580
18lf2585
18lf25j10
18lf25j11
18lf25j50
18lf25k22
18lf25k40
18lf25k42
18lf25k50
18lf25k80
   new: pragma fuse_def DEBUG:6  0x80 {          -- Background Debugger
   old: --
18lf25k83
18lf2610
18lf2620
18lf2680
18lf2682
18lf2685
18lf26j11
18lf26j13
18lf26j50
18lf26j53
18lf26k22
18lf26k40
18lf26k42
18lf26k80
   new: pragma fuse_def DEBUG:6  0x80 {          -- Background Debugger
   old: --
18lf26k83
18lf27j13
18lf27j53
18lf27k40
18lf27k42
18lf4220
18lf4221
18lf4320
18lf4321
18lf4331
18lf43k22
18lf4410
18lf442
18lf4420
18lf4423
18lf4431
18lf4439
18lf4450
18lf4455
18lf4458
18lf448
18lf4480
18lf44j10
18lf44j11
18lf44j50
18lf44k22
18lf4510
18lf4515
18lf452
18lf4520
18lf4523
18lf4525
18lf4539
18lf4550
18lf4553
18lf458
18lf4580
18lf4585
18lf45j10
18lf45j11
18lf45j50
18lf45k22
18lf45k40
18lf45k42
18lf45k50
18lf45k80
   new: pragma fuse_def DEBUG:6  0x80 {          -- Background Debugger
   old: --
18lf4610
18lf4620
18lf4680
18lf4682
18lf4685
18lf46j11
18lf46j13
18lf46j50
18lf46j53
18lf46k22
18lf46k40
18lf46k42
18lf46k80
   new: pragma fuse_def DEBUG:6  0x80 {          -- Background Debugger
   old: --
18lf47j13
18lf47j53
18lf47k40
18lf47k42
18lf55k42
18lf56k42
18lf57k42
18lf6310
18lf6390
18lf6393
18lf6410
18lf6490
18lf6493
18lf6520
18lf6525
18lf6527
   new: ECM_NOCLKOUT = 0xC                -- External RC oscillator, CLKO function on RA6
   old: INTOSC_CLKOUT = 0x9               -- Internal oscillator block, CLKO function on RA6, port function on RA7
18lf6585
18lf65k40
18lf65k80
   new: pragma fuse_def DEBUG:6  0x80 {          -- Background Debugger
   old: --
18lf6620
18lf6621
18lf6622
   new: ECM_NOCLKOUT = 0xC                -- External RC oscillator, CLKO function on RA6
   old: INTOSC_CLKOUT = 0x9               -- Internal oscillator block, CLKO function on RA6, port function on RA7
18lf6627
   new: ECM_NOCLKOUT = 0xC                -- External RC oscillator, CLKO function on RA6
   old: INTOSC_CLKOUT = 0x9               -- Internal oscillator block, CLKO function on RA6, port function on RA7
18lf6628
18lf6680
18lf66k40
18lf66k80
   new: pragma fuse_def DEBUG:6  0x80 {          -- Background Debugger
   old: --
18lf6720
18lf6722
   new: ECM_NOCLKOUT = 0xC                -- External RC oscillator, CLKO function on RA6
   old: INTOSC_CLKOUT = 0x9               -- Internal oscillator block, CLKO function on RA6, port function on RA7
18lf6723
18lf67k40
18lf8310
18lf8390
18lf8393
18lf8410
18lf8490
18lf8493
18lf8520
18lf8525
18lf8527
   new: ECM_NOCLKOUT = 0xC                -- External RC oscillator, CLKO function on RA6
   old: INTOSC_CLKOUT = 0x9               -- Internal oscillator block, CLKO function on RA6, port function on RA7
18lf8585
18lf8620
18lf8621
18lf8622
   new: ECM_NOCLKOUT = 0xC                -- External RC oscillator, CLKO function on RA6
   old: INTOSC_CLKOUT = 0x9               -- Internal oscillator block, CLKO function on RA6, port function on RA7
18lf8627
   new: ECM_NOCLKOUT = 0xC                -- External RC oscillator, CLKO function on RA6
   old: INTOSC_CLKOUT = 0x9               -- Internal oscillator block, CLKO function on RA6, port function on RA7
18lf8628
18lf8680
18lf8720
18lf8722
   new: ECM_NOCLKOUT = 0xC                -- External RC oscillator, CLKO function on RA6
   old: INTOSC_CLKOUT = 0x9               -- Internal oscillator block, CLKO function on RA6, port function on RA7
18lf8723

Of the 972 new device files 972 were compared, 313 did NOT match!
There are 0 new device files to be added to /mnt/data/GitHub/jallib/include/device
See /mnt/data/picdevices.6.30/comparejal_devices.log for a list of files with different files.

